Using pre-set license
Built from '2020.3/release' branch; Version is '2020.3.15f2 (6cf78cb77498) revision 7141260'; Using compiler version '192528614'; Build Type 'Release'
OS: 'Windows 10 Home; OS build 19042.1110; Version 2009; 64bit' Language: 'en' Physical Memory: 15731 MB
BatchMode: 1, IsHumanControllingUs: 0, StartBugReporterOnCrash: 0, Is64bit: 1, IsPro: 0

 COMMAND LINE ARGUMENTS:
C:\Program Files\Unity\Hub\Editor\2020.3.14f1\Editor\Unity.exe
-adb2
-batchMode
-noUpm
-name
AssetImportWorker0
-projectPath
C:/Users/Maggie/Desktop/cs-420/BigPlantMoment
-logFile
Logs/AssetImportWorker0.log
-srvPort
62008
Successfully changed project path to: C:/Users/Maggie/Desktop/cs-420/BigPlantMoment
C:/Users/Maggie/Desktop/cs-420/BigPlantMoment
Using Asset Import Pipeline V2.
Refreshing native plugins compatible for Editor in 75.09 ms, found 17 plugins.
Preloading 2 native plugins for Editor in 1.95 ms.
Initialize engine version: 2020.3.15f2 (6cf78cb77498)
[Subsystems] Discovering subsystems at path C:/Program Files/Unity/Hub/Editor/2020.3.14f1/Editor/Data/Resources/UnitySubsystems
[Subsystems] Discovering subsystems at path C:/Users/Maggie/Desktop/cs-420/BigPlantMoment/Assets
GfxDevice: creating device client; threaded=0
Direct3D:
    Version:  Direct3D 11.0 [level 11.1]
    Renderer: NVIDIA GeForce GTX 1660 Ti (ID=0x2191)
    Vendor:   
    VRAM:     5991 MB
    Driver:   27.21.14.6280
Initialize mono
Mono path[0] = 'C:/Program Files/Unity/Hub/Editor/2020.3.14f1/Editor/Data/Managed'
Mono path[1] = 'C:/Program Files/Unity/Hub/Editor/2020.3.14f1/Editor/Data/MonoBleedingEdge/lib/mono/unityjit'
Mono config path = 'C:/Program Files/Unity/Hub/Editor/2020.3.14f1/Editor/Data/MonoBleedingEdge/etc'
Using monoOptions --debugger-agent=transport=dt_socket,embedding=1,server=y,suspend=n,address=127.0.0.1:56512
Begin MonoManager ReloadAssembly
Registering precompiled unity dll's ...
Register platform support module: C:/Program Files/Unity/Hub/Editor/2020.3.14f1/Editor/Data/PlaybackEngines/WebGLSupport/UnityEditor.WebGL.Extensions.dll
Register platform support module: C:/Program Files/Unity/Hub/Editor/2020.3.14f1/Editor/Data/PlaybackEngines/WindowsStandaloneSupport/UnityEditor.WindowsStandalone.Extensions.dll
Register platform support module: C:/Program Files/Unity/Hub/Editor/2020.3.14f1/Editor/Data/PlaybackEngines/LinuxStandaloneSupport/UnityEditor.LinuxStandalone.Extensions.dll
Registered in 0.002220 seconds.
Native extension for LinuxStandalone target not found
Native extension for WindowsStandalone target not found
Native extension for WebGL target not found
Refreshing native plugins compatible for Editor in 58.90 ms, found 17 plugins.
Preloading 2 native plugins for Editor in 0.18 ms.
Mono: successfully reloaded assembly
- Completed reload, in  1.017 seconds
Domain Reload Profiling:
	ReloadAssembly (1017ms)
		BeginReloadAssembly (43ms)
			ExecutionOrderSort (0ms)
			DisableScriptedObjects (0ms)
			BackupInstance (0ms)
			ReleaseScriptingObjects (0ms)
			CreateAndSetChildDomain (1ms)
		EndReloadAssembly (380ms)
			LoadAssemblies (41ms)
			RebuildTransferFunctionScriptingTraits (0ms)
			SetupTypeCache (129ms)
			ReleaseScriptCaches (0ms)
			RebuildScriptCaches (27ms)
			SetupLoadedEditorAssemblies (166ms)
				LogAssemblyErrors (0ms)
				InitializePlatformSupportModulesInManaged (5ms)
				SetLoadedEditorAssemblies (0ms)
				RefreshPlugins (59ms)
				BeforeProcessingInitializeOnLoad (6ms)
				ProcessInitializeOnLoadAttributes (72ms)
				ProcessInitializeOnLoadMethodAttributes (24ms)
				AfterProcessingInitializeOnLoad (0ms)
				EditorAssembliesLoaded (0ms)
			ExecutionOrderSort2 (0ms)
			AwakeInstancesAfterBackupRestoration (0ms)
Platform modules already initialized, skipping
Registering precompiled user dll's ...
Registered in 0.009528 seconds.
Begin MonoManager ReloadAssembly
Native extension for LinuxStandalone target not found
Native extension for WindowsStandalone target not found
Native extension for WebGL target not found
Refreshing native plugins compatible for Editor in 56.90 ms, found 17 plugins.
Preloading 2 native plugins for Editor in 0.16 ms.
[XR] OculusXRPlugin: registering subsystems
[XR] Unable to register display lifecyle provider: [1]
[XR] Oculus Input lifecycle provider registered.
[XR] Unable to register input lifecyle provider: [1]
System.Reflection.TargetInvocationException: Exception has been thrown by the target of an invocation. ---> System.NullReferenceException: Object reference not set to an instance of an object
  at Unity.XR.Oculus.OculusLoader.AssetPathToAbsolutePath (System.String assetPath) [0x00048] in C:\Users\Maggie\Desktop\cs-420\BigPlantMoment\Library\PackageCache\com.unity.xr.oculus@1.9.1\Runtime\OculusLoader.cs:249 
  at Unity.XR.Oculus.OculusLoader.EditorLoadOVRPlugin () [0x0007b] in C:\Users\Maggie\Desktop\cs-420\BigPlantMoment\Library\PackageCache\com.unity.xr.oculus@1.9.1\Runtime\OculusLoader.cs:234 
  at (wrapper managed-to-native) System.Reflection.MonoMethod.InternalInvoke(System.Reflection.MonoMethod,object,object[],System.Exception&)
  at System.Reflection.MonoMethod.Invoke (System.Object obj, System.Reflection.BindingFlags invokeAttr, System.Reflection.Binder binder, System.Object[] parameters, System.Globalization.CultureInfo culture) [0x00032] in <695d1cc93cca45069c528c15c9fdd749>:0 
   --- End of inner exception stack trace ---
  at System.Reflection.MonoMethod.Invoke (System.Object obj, System.Reflection.BindingFlags invokeAttr, System.Reflection.Binder binder, System.Object[] parameters, System.Globalization.CultureInfo culture) [0x00048] in <695d1cc93cca45069c528c15c9fdd749>:0 
  at System.Reflection.MethodBase.Invoke (System.Object obj, System.Object[] parameters) [0x00000] in <695d1cc93cca45069c528c15c9fdd749>:0 
  at UnityEditor.EditorAssemblies.ProcessInitializeOnLoadMethodAttributes () [0x00047] in <44c3723143904fb88deebc993c7bb491>:0 
UnityEngine.StackTraceUtility:ExtractStackTrace ()
UnityEngine.DebugLogHandler:LogFormat (UnityEngine.LogType,UnityEngine.Object,string,object[])
UnityEngine.Logger:Log (UnityEngine.LogType,object)
UnityEngine.Debug:LogError (object)
UnityEditor.EditorAssemblies:ProcessInitializeOnLoadMethodAttributes ()

Mono: successfully reloaded assembly
- Completed reload, in  1.184 seconds
Domain Reload Profiling:
	ReloadAssembly (1184ms)
		BeginReloadAssembly (132ms)
			ExecutionOrderSort (0ms)
			DisableScriptedObjects (4ms)
			BackupInstance (0ms)
			ReleaseScriptingObjects (0ms)
			CreateAndSetChildDomain (19ms)
		EndReloadAssembly (995ms)
			LoadAssemblies (78ms)
			RebuildTransferFunctionScriptingTraits (0ms)
			SetupTypeCache (246ms)
			ReleaseScriptCaches (0ms)
			RebuildScriptCaches (40ms)
			SetupLoadedEditorAssemblies (483ms)
				LogAssemblyErrors (0ms)
				InitializePlatformSupportModulesInManaged (5ms)
				SetLoadedEditorAssemblies (0ms)
				RefreshPlugins (57ms)
				BeforeProcessingInitializeOnLoad (66ms)
				ProcessInitializeOnLoadAttributes (338ms)
				ProcessInitializeOnLoadMethodAttributes (12ms)
				AfterProcessingInitializeOnLoad (5ms)
				EditorAssembliesLoaded (0ms)
			ExecutionOrderSort2 (0ms)
			AwakeInstancesAfterBackupRestoration (5ms)
Platform modules already initialized, skipping
========================================================================
Worker process is ready to serve import requests
Launched and connected shader compiler UnityShaderCompiler.exe after 0.05 seconds
Refreshing native plugins compatible for Editor in 1.07 ms, found 17 plugins.
Preloading 2 native plugins for Editor in 0.16 ms.
Unloading 2285 Unused Serialized files (Serialized files now loaded: 0)
System memory in use before: 134.7 MB.
System memory in use after: 134.1 MB.

Unloading 41 unused Assets to reduce memory usage. Loaded Objects now: 2807.
Total: 3.274000 ms (FindLiveObjects: 0.358600 ms CreateObjectMapping: 0.112000 ms MarkObjects: 2.465500 ms  DeleteObjects: 0.336500 ms)

AssetImportParameters requested are different than current active one (requested -> active):
  custom:framework-win-MediaFoundation: 216162199b28c13a410421893ffa2e32 -> 
  custom:video-decoder-ogg-theora: a1e56fd34408186e4bbccfd4996cb3dc -> 
  custom:container-muxer-webm: aa71ff27fc2769a1b78a27578f13a17b -> 
  custom:container-demuxer-webm: 4f35f7cbe854078d1ac9338744f61a02 -> 
  custom:container-demuxer-ogg: 62fdf1f143b41e24485cea50d1cbac27 -> 
  custom:video-encoder-webm-vp8: eb34c28f22e8b96e1ab97ce403110664 -> 
  custom:video-codec-MediaFoundation-h265: 746d11721c4dcdbdad8f713fa42b33f4 -> 
  custom:video-decoder-webm-vp8: 9c59270c3fd7afecdb556c50c9e8de78 -> 
  custom:audio-decoder-ogg-vorbis: bf7c407c2cedff20999df2af8eb42d56 -> 
  custom:audio-encoder-webm-vorbis: bf7c407c2cedff20999df2af8eb42d56 -> 
========================================================================
Received Import Request.
  path: Assets/AssetsSelectedCustomized/New Material.mat
  artifactKey: Guid(68e5f6b8282a5354499807abddf8d186) Importer(815301076,1909f56bfc062723c751e8b465ee728b)
Start importing Assets/AssetsSelectedCustomized/New Material.mat using Guid(68e5f6b8282a5354499807abddf8d186) Importer(815301076,1909f56bfc062723c751e8b465ee728b)  -> (artifact id: '7d5dc97e74224cdbdda8f3a04cf4ace0') in 0.075646 seconds 
  Import took 0.079763 seconds .

========================================================================
Received Import Request.
  Time since last request: 20.734691 seconds.
  path: Assets/AssetsSelectedCustomized/New Material.mat
  artifactKey: Guid(68e5f6b8282a5354499807abddf8d186) Importer(815301076,1909f56bfc062723c751e8b465ee728b)
Start importing Assets/AssetsSelectedCustomized/New Material.mat using Guid(68e5f6b8282a5354499807abddf8d186) Importer(815301076,1909f56bfc062723c751e8b465ee728b)  -> (artifact id: '313e010f865309e796e28b408b503343') in 0.018950 seconds 
  Import took 0.023807 seconds .

========================================================================
Received Prepare
Registering precompiled user dll's ...
Registered in 0.010160 seconds.
Begin MonoManager ReloadAssembly
Native extension for LinuxStandalone target not found
Native extension for WindowsStandalone target not found
Native extension for WebGL target not found
Refreshing native plugins compatible for Editor in 1.07 ms, found 17 plugins.
Preloading 2 native plugins for Editor in 0.17 ms.
System.Reflection.TargetInvocationException: Exception has been thrown by the target of an invocation. ---> System.NullReferenceException: Object reference not set to an instance of an object
  at Unity.XR.Oculus.OculusLoader.AssetPathToAbsolutePath (System.String assetPath) [0x00048] in C:\Users\Maggie\Desktop\cs-420\BigPlantMoment\Library\PackageCache\com.unity.xr.oculus@1.9.1\Runtime\OculusLoader.cs:249 
  at Unity.XR.Oculus.OculusLoader.EditorLoadOVRPlugin () [0x0007b] in C:\Users\Maggie\Desktop\cs-420\BigPlantMoment\Library\PackageCache\com.unity.xr.oculus@1.9.1\Runtime\OculusLoader.cs:234 
  at (wrapper managed-to-native) System.Reflection.MonoMethod.InternalInvoke(System.Reflection.MonoMethod,object,object[],System.Exception&)
  at System.Reflection.MonoMethod.Invoke (System.Object obj, System.Reflection.BindingFlags invokeAttr, System.Reflection.Binder binder, System.Object[] parameters, System.Globalization.CultureInfo culture) [0x00032] in <695d1cc93cca45069c528c15c9fdd749>:0 
   --- End of inner exception stack trace ---
  at System.Reflection.MonoMethod.Invoke (System.Object obj, System.Reflection.BindingFlags invokeAttr, System.Reflection.Binder binder, System.Object[] parameters, System.Globalization.CultureInfo culture) [0x00048] in <695d1cc93cca45069c528c15c9fdd749>:0 
  at System.Reflection.MethodBase.Invoke (System.Object obj, System.Object[] parameters) [0x00000] in <695d1cc93cca45069c528c15c9fdd749>:0 
  at UnityEditor.EditorAssemblies.ProcessInitializeOnLoadMethodAttributes () [0x00047] in <44c3723143904fb88deebc993c7bb491>:0 
UnityEngine.StackTraceUtility:ExtractStackTrace ()
UnityEngine.DebugLogHandler:LogFormat (UnityEngine.LogType,UnityEngine.Object,string,object[])
UnityEngine.Logger:Log (UnityEngine.LogType,object)
UnityEngine.Debug:LogError (object)
UnityEditor.EditorAssemblies:ProcessInitializeOnLoadMethodAttributes ()

Mono: successfully reloaded assembly
- Completed reload, in  1.040 seconds
Domain Reload Profiling:
	ReloadAssembly (1040ms)
		BeginReloadAssembly (106ms)
			ExecutionOrderSort (0ms)
			DisableScriptedObjects (3ms)
			BackupInstance (0ms)
			ReleaseScriptingObjects (0ms)
			CreateAndSetChildDomain (33ms)
		EndReloadAssembly (880ms)
			LoadAssemblies (73ms)
			RebuildTransferFunctionScriptingTraits (0ms)
			SetupTypeCache (244ms)
			ReleaseScriptCaches (1ms)
			RebuildScriptCaches (33ms)
			SetupLoadedEditorAssemblies (390ms)
				LogAssemblyErrors (0ms)
				InitializePlatformSupportModulesInManaged (5ms)
				SetLoadedEditorAssemblies (0ms)
				RefreshPlugins (1ms)
				BeforeProcessingInitializeOnLoad (52ms)
				ProcessInitializeOnLoadAttributes (315ms)
				ProcessInitializeOnLoadMethodAttributes (10ms)
				AfterProcessingInitializeOnLoad (5ms)
				EditorAssembliesLoaded (0ms)
			ExecutionOrderSort2 (0ms)
			AwakeInstancesAfterBackupRestoration (6ms)
Platform modules already initialized, skipping
Refreshing native plugins compatible for Editor in 1.13 ms, found 17 plugins.
Preloading 2 native plugins for Editor in 0.16 ms.
Unloading 2231 Unused Serialized files (Serialized files now loaded: 0)
System memory in use before: 134.1 MB.
System memory in use after: 133.7 MB.

Unloading 34 unused Assets to reduce memory usage. Loaded Objects now: 2853.
Total: 3.696600 ms (FindLiveObjects: 0.359500 ms CreateObjectMapping: 0.111200 ms MarkObjects: 2.917700 ms  DeleteObjects: 0.306300 ms)

AssetImportParameters requested are different than current active one (requested -> active):
  custom:framework-win-MediaFoundation: 216162199b28c13a410421893ffa2e32 -> 
  custom:video-decoder-ogg-theora: a1e56fd34408186e4bbccfd4996cb3dc -> 
  custom:container-muxer-webm: aa71ff27fc2769a1b78a27578f13a17b -> 
  custom:container-demuxer-webm: 4f35f7cbe854078d1ac9338744f61a02 -> 
  custom:container-demuxer-ogg: 62fdf1f143b41e24485cea50d1cbac27 -> 
  custom:video-encoder-webm-vp8: eb34c28f22e8b96e1ab97ce403110664 -> 
  custom:video-codec-MediaFoundation-h265: 746d11721c4dcdbdad8f713fa42b33f4 -> 
  custom:video-decoder-webm-vp8: 9c59270c3fd7afecdb556c50c9e8de78 -> 
  custom:audio-decoder-ogg-vorbis: bf7c407c2cedff20999df2af8eb42d56 -> 
  custom:audio-encoder-webm-vorbis: bf7c407c2cedff20999df2af8eb42d56 -> 
========================================================================
Received Import Request.
  Time since last request: 471.129466 seconds.
  path: Assets/SimpleCumulus/Skyboxes/PlainColor/Red/SimpleCumulus_Red_03/SimpleCumulus_Red_03.mat
  artifactKey: Guid(8a882aa9f2cad274694d1c021ff2b185) Importer(815301076,1909f56bfc062723c751e8b465ee728b)
Start importing Assets/SimpleCumulus/Skyboxes/PlainColor/Red/SimpleCumulus_Red_03/SimpleCumulus_Red_03.mat using Guid(8a882aa9f2cad274694d1c021ff2b185) Importer(815301076,1909f56bfc062723c751e8b465ee728b)  -> (artifact id: 'eb97335c43622a243dccdb70678c8bbd') in 0.364684 seconds 
  Import took 0.375478 seconds .

========================================================================
Received Import Request.
  Time since last request: 0.000309 seconds.
  path: Assets/GalaxyBox2/Resources/Skybox2_9/Skybox2_9.mat
  artifactKey: Guid(75196110195fb487ea816630c7adbf2a) Importer(815301076,1909f56bfc062723c751e8b465ee728b)
Start importing Assets/GalaxyBox2/Resources/Skybox2_9/Skybox2_9.mat using Guid(75196110195fb487ea816630c7adbf2a) Importer(815301076,1909f56bfc062723c751e8b465ee728b)  -> (artifact id: '1c51f653a75c572d9799dd6762e472bf') in 0.043710 seconds 
  Import took 0.048104 seconds .

========================================================================
Received Import Request.
  Time since last request: 0.000184 seconds.
  path: Assets/GalaxyBox2/Resources/Skybox2_8/Skybox2_8.mat
  artifactKey: Guid(1a9728aa908b54f0b9558667655d45ed) Importer(815301076,1909f56bfc062723c751e8b465ee728b)
Start importing Assets/GalaxyBox2/Resources/Skybox2_8/Skybox2_8.mat using Guid(1a9728aa908b54f0b9558667655d45ed) Importer(815301076,1909f56bfc062723c751e8b465ee728b)  -> (artifact id: '9491b917009c484d5e4ee8aca7dc5106') in 0.025488 seconds 
  Import took 0.029840 seconds .

========================================================================
Received Import Request.
  Time since last request: 0.000252 seconds.
  path: Assets/GalaxyBox2/Resources/Skybox2_6/Skybox2_6.mat
  artifactKey: Guid(1b24ead204bed7242bceff89e5859123) Importer(815301076,1909f56bfc062723c751e8b465ee728b)
Start importing Assets/GalaxyBox2/Resources/Skybox2_6/Skybox2_6.mat using Guid(1b24ead204bed7242bceff89e5859123) Importer(815301076,1909f56bfc062723c751e8b465ee728b)  -> (artifact id: '2710880b36093d11314cd49aacd7ea2f') in 0.027862 seconds 
  Import took 0.032684 seconds .

========================================================================
Received Import Request.
  Time since last request: 0.000260 seconds.
  path: Assets/SimpleCumulus/Skyboxes/PlainColor/Red/SimpleCumulus_Red_03/SimpleCumulus_Red_03.mat
  artifactKey: Guid(8a882aa9f2cad274694d1c021ff2b185) Importer(815301076,1909f56bfc062723c751e8b465ee728b)
Start importing Assets/SimpleCumulus/Skyboxes/PlainColor/Red/SimpleCumulus_Red_03/SimpleCumulus_Red_03.mat using Guid(8a882aa9f2cad274694d1c021ff2b185) Importer(815301076,1909f56bfc062723c751e8b465ee728b)  -> (artifact id: 'eb97335c43622a243dccdb70678c8bbd') in 0.166096 seconds 
  Import took 0.176114 seconds .

========================================================================
Received Import Request.
  Time since last request: 0.000322 seconds.
  path: Assets/GalaxyBox2/Resources/Skybox2_1/Skybox2_1.mat
  artifactKey: Guid(3164bc7e9ee4c1b47839bc8862e56271) Importer(815301076,1909f56bfc062723c751e8b465ee728b)
Start importing Assets/GalaxyBox2/Resources/Skybox2_1/Skybox2_1.mat using Guid(3164bc7e9ee4c1b47839bc8862e56271) Importer(815301076,1909f56bfc062723c751e8b465ee728b)  -> (artifact id: 'd5befae323b8d59f50d48e96d2496318') in 0.025174 seconds 
  Import took 0.029920 seconds .

========================================================================
Received Import Request.
  Time since last request: 0.000197 seconds.
  path: Assets/GalaxyBox2/Resources/Skybox2_2/Skybox2_2.mat
  artifactKey: Guid(2c7e0678a6928ef40a46c31171f72c6a) Importer(815301076,1909f56bfc062723c751e8b465ee728b)
Start importing Assets/GalaxyBox2/Resources/Skybox2_2/Skybox2_2.mat using Guid(2c7e0678a6928ef40a46c31171f72c6a) Importer(815301076,1909f56bfc062723c751e8b465ee728b)  -> (artifact id: '8806035a20e344209135e0b94ee1b82f') in 0.025189 seconds 
  Import took 0.029549 seconds .

========================================================================
Received Import Request.
  Time since last request: 0.000190 seconds.
  path: Assets/GalaxyBox2/Resources/Skybox2_3/Skybox2_3.mat
  artifactKey: Guid(ef482af74813ee94c89c3e637f49903e) Importer(815301076,1909f56bfc062723c751e8b465ee728b)
Start importing Assets/GalaxyBox2/Resources/Skybox2_3/Skybox2_3.mat using Guid(ef482af74813ee94c89c3e637f49903e) Importer(815301076,1909f56bfc062723c751e8b465ee728b)  -> (artifact id: '441694580a8554c44489b4310d2f0171') in 0.024516 seconds 
  Import took 0.029780 seconds .

========================================================================
Received Import Request.
  Time since last request: 0.000285 seconds.
  path: Assets/GalaxyBox2/Resources/Skybox2_7/Skybox2_7.mat
  artifactKey: Guid(3f1f4e24d3ab32c4da71a2d6c5e19669) Importer(815301076,1909f56bfc062723c751e8b465ee728b)
Start importing Assets/GalaxyBox2/Resources/Skybox2_7/Skybox2_7.mat using Guid(3f1f4e24d3ab32c4da71a2d6c5e19669) Importer(815301076,1909f56bfc062723c751e8b465ee728b)  -> (artifact id: 'ae40d8a6748c03347ceef53b2be34a62') in 0.031792 seconds 
  Import took 0.036489 seconds .

========================================================================
Received Import Request.
  Time since last request: 0.000262 seconds.
  path: Assets/GalaxyBox2/Resources/Skybox2_11/Skybox2_11.mat
  artifactKey: Guid(2ecd4e81dbb1e404e886a957757cc30d) Importer(815301076,1909f56bfc062723c751e8b465ee728b)
Start importing Assets/GalaxyBox2/Resources/Skybox2_11/Skybox2_11.mat using Guid(2ecd4e81dbb1e404e886a957757cc30d) Importer(815301076,1909f56bfc062723c751e8b465ee728b)  -> (artifact id: '6a5c89e11706deea0e7389b331bec74d') in 0.022555 seconds 
  Import took 0.027155 seconds .

========================================================================
Received Import Request.
  Time since last request: 0.000271 seconds.
  path: Assets/GalaxyBox2/Resources/Skybox2_10/Skybox2_10.mat
  artifactKey: Guid(369e270b1770c4f39853b4a163aad765) Importer(815301076,1909f56bfc062723c751e8b465ee728b)
Start importing Assets/GalaxyBox2/Resources/Skybox2_10/Skybox2_10.mat using Guid(369e270b1770c4f39853b4a163aad765) Importer(815301076,1909f56bfc062723c751e8b465ee728b)  -> (artifact id: 'bd4e42cd04cf4a70d64f0856ffc3fc9e') in 0.023070 seconds 
  Import took 0.027784 seconds .

========================================================================
Received Import Request.
  Time since last request: 0.000263 seconds.
  path: Assets/SimpleCumulus/Skyboxes/PlainColor/Red/SimpleCumulus_Red_04/SimpleCumulus_Red_04.mat
  artifactKey: Guid(4369784af22f318418479aa6da8f7970) Importer(815301076,1909f56bfc062723c751e8b465ee728b)
Start importing Assets/SimpleCumulus/Skyboxes/PlainColor/Red/SimpleCumulus_Red_04/SimpleCumulus_Red_04.mat using Guid(4369784af22f318418479aa6da8f7970) Importer(815301076,1909f56bfc062723c751e8b465ee728b)  -> (artifact id: '5209952fed54b2b121b82daaee626869') in 0.113686 seconds 
  Import took 0.123282 seconds .

========================================================================
Received Import Request.
  Time since last request: 0.000282 seconds.
  path: Assets/GalaxyBox2/Resources/Skybox2_4/Skybox2_4.mat
  artifactKey: Guid(3b1dfe74f6c814e409f576cbcc665216) Importer(815301076,1909f56bfc062723c751e8b465ee728b)
Start importing Assets/GalaxyBox2/Resources/Skybox2_4/Skybox2_4.mat using Guid(3b1dfe74f6c814e409f576cbcc665216) Importer(815301076,1909f56bfc062723c751e8b465ee728b)  -> (artifact id: '94bfb1841f9c437390d3ddbe9192cd15') in 0.022797 seconds 
  Import took 0.027810 seconds .

========================================================================
Received Import Request.
  Time since last request: 0.000267 seconds.
  path: Assets/GalaxyBox2/Resources/Skybox2_5/Skybox2_5.mat
  artifactKey: Guid(3c11ee6f677d55844b1b7a58bfad3604) Importer(815301076,1909f56bfc062723c751e8b465ee728b)
Start importing Assets/GalaxyBox2/Resources/Skybox2_5/Skybox2_5.mat using Guid(3c11ee6f677d55844b1b7a58bfad3604) Importer(815301076,1909f56bfc062723c751e8b465ee728b)  -> (artifact id: '522fdb24ed27b9aaae1135da115f21fb') in 0.023294 seconds 
  Import took 0.027688 seconds .

========================================================================
Received Import Request.
  Time since last request: 3.877350 seconds.
  path: Assets/PhotoscannedToadstools/Meshes/Materials/Toadstool01.mat
  artifactKey: Guid(d9ff37a8f190e214fa1aecab47a90435) Importer(815301076,1909f56bfc062723c751e8b465ee728b)
Start importing Assets/PhotoscannedToadstools/Meshes/Materials/Toadstool01.mat using Guid(d9ff37a8f190e214fa1aecab47a90435) Importer(815301076,1909f56bfc062723c751e8b465ee728b)  -> (artifact id: '8fbd056ff99c57d4543d89975b9fa5b2') in 0.046570 seconds 
  Import took 0.052642 seconds .

========================================================================
Received Import Request.
  Time since last request: 0.000380 seconds.
  path: Assets/AssetsSelectedCustomized/shroom/Materials/Toadstool02.mat
  artifactKey: Guid(a074ddb4a2e57844f9044e07cc994893) Importer(815301076,1909f56bfc062723c751e8b465ee728b)
Start importing Assets/AssetsSelectedCustomized/shroom/Materials/Toadstool02.mat using Guid(a074ddb4a2e57844f9044e07cc994893) Importer(815301076,1909f56bfc062723c751e8b465ee728b)  -> (artifact id: '54c9bd024492827a5c8a6c79f83773a2') in 0.017159 seconds 
  Import took 0.020899 seconds .

========================================================================
Received Import Request.
  Time since last request: 0.000282 seconds.
  path: Assets/PhotoscannedToadstools/Meshes/Materials/Toadstool02.mat
  artifactKey: Guid(31a4b41c0f4870c4a922e6246308f4ef) Importer(815301076,1909f56bfc062723c751e8b465ee728b)
Start importing Assets/PhotoscannedToadstools/Meshes/Materials/Toadstool02.mat using Guid(31a4b41c0f4870c4a922e6246308f4ef) Importer(815301076,1909f56bfc062723c751e8b465ee728b)  -> (artifact id: '756617739272f3dc378290946e311203') in 0.041314 seconds 
  Import took 0.047578 seconds .

========================================================================
Received Import Request.
  Time since last request: 2.113527 seconds.
  path: Assets/PhotoscannedToadstools/Meshes/Materials/Toadstool03.mat
  artifactKey: Guid(08c3bd85700360e45b68eeecda268436) Importer(815301076,1909f56bfc062723c751e8b465ee728b)
Start importing Assets/PhotoscannedToadstools/Meshes/Materials/Toadstool03.mat using Guid(08c3bd85700360e45b68eeecda268436) Importer(815301076,1909f56bfc062723c751e8b465ee728b)  -> (artifact id: 'd98d701e1ba560c3590a75b17d406ef6') in 0.037251 seconds 
  Import took 0.043871 seconds .

========================================================================
Received Import Request.
  Time since last request: 0.000283 seconds.
  path: Assets/AssetsSelectedCustomized/shroom/Materials/Toadstool03.mat
  artifactKey: Guid(17d45ee75b616b74d888cd89efab1d32) Importer(815301076,1909f56bfc062723c751e8b465ee728b)
Start importing Assets/AssetsSelectedCustomized/shroom/Materials/Toadstool03.mat using Guid(17d45ee75b616b74d888cd89efab1d32) Importer(815301076,1909f56bfc062723c751e8b465ee728b)  -> (artifact id: '87e7902b887ee2ad1caa82871dae3a47') in 0.013165 seconds 
  Import took 0.016918 seconds .

========================================================================
Received Import Request.
  Time since last request: 28.309691 seconds.
  path: Assets/CapBellShaped_StalkBolbous_LOD0_Type01.prefab
  artifactKey: Guid(f37617cacbbdd7044a7ead5889c835b8) Importer(815301076,1909f56bfc062723c751e8b465ee728b)
Start importing Assets/CapBellShaped_StalkBolbous_LOD0_Type01.prefab using Guid(f37617cacbbdd7044a7ead5889c835b8) Importer(815301076,1909f56bfc062723c751e8b465ee728b)  -> (artifact id: 'fddb7656c7a1233eab4221a066f66676') in 0.039952 seconds 
  Import took 0.044516 seconds .

========================================================================
Received Prepare
Registering precompiled user dll's ...
Registered in 0.009355 seconds.
Begin MonoManager ReloadAssembly
Native extension for LinuxStandalone target not found
Native extension for WindowsStandalone target not found
Native extension for WebGL target not found
Refreshing native plugins compatible for Editor in 1.08 ms, found 17 plugins.
Preloading 2 native plugins for Editor in 0.16 ms.
System.Reflection.TargetInvocationException: Exception has been thrown by the target of an invocation. ---> System.NullReferenceException: Object reference not set to an instance of an object
  at Unity.XR.Oculus.OculusLoader.AssetPathToAbsolutePath (System.String assetPath) [0x00048] in C:\Users\Maggie\Desktop\cs-420\BigPlantMoment\Library\PackageCache\com.unity.xr.oculus@1.9.1\Runtime\OculusLoader.cs:249 
  at Unity.XR.Oculus.OculusLoader.EditorLoadOVRPlugin () [0x0007b] in C:\Users\Maggie\Desktop\cs-420\BigPlantMoment\Library\PackageCache\com.unity.xr.oculus@1.9.1\Runtime\OculusLoader.cs:234 
  at (wrapper managed-to-native) System.Reflection.MonoMethod.InternalInvoke(System.Reflection.MonoMethod,object,object[],System.Exception&)
  at System.Reflection.MonoMethod.Invoke (System.Object obj, System.Reflection.BindingFlags invokeAttr, System.Reflection.Binder binder, System.Object[] parameters, System.Globalization.CultureInfo culture) [0x00032] in <695d1cc93cca45069c528c15c9fdd749>:0 
   --- End of inner exception stack trace ---
  at System.Reflection.MonoMethod.Invoke (System.Object obj, System.Reflection.BindingFlags invokeAttr, System.Reflection.Binder binder, System.Object[] parameters, System.Globalization.CultureInfo culture) [0x00048] in <695d1cc93cca45069c528c15c9fdd749>:0 
  at System.Reflection.MethodBase.Invoke (System.Object obj, System.Object[] parameters) [0x00000] in <695d1cc93cca45069c528c15c9fdd749>:0 
  at UnityEditor.EditorAssemblies.ProcessInitializeOnLoadMethodAttributes () [0x00047] in <44c3723143904fb88deebc993c7bb491>:0 
UnityEngine.StackTraceUtility:ExtractStackTrace ()
UnityEngine.DebugLogHandler:LogFormat (UnityEngine.LogType,UnityEngine.Object,string,object[])
UnityEngine.Logger:Log (UnityEngine.LogType,object)
UnityEngine.Debug:LogError (object)
UnityEditor.EditorAssemblies:ProcessInitializeOnLoadMethodAttributes ()

Mono: successfully reloaded assembly
- Completed reload, in  1.019 seconds
Domain Reload Profiling:
	ReloadAssembly (1019ms)
		BeginReloadAssembly (108ms)
			ExecutionOrderSort (0ms)
			DisableScriptedObjects (3ms)
			BackupInstance (0ms)
			ReleaseScriptingObjects (0ms)
			CreateAndSetChildDomain (35ms)
		EndReloadAssembly (855ms)
			LoadAssemblies (72ms)
			RebuildTransferFunctionScriptingTraits (0ms)
			SetupTypeCache (243ms)
			ReleaseScriptCaches (1ms)
			RebuildScriptCaches (34ms)
			SetupLoadedEditorAssemblies (369ms)
				LogAssemblyErrors (0ms)
				InitializePlatformSupportModulesInManaged (5ms)
				SetLoadedEditorAssemblies (0ms)
				RefreshPlugins (1ms)
				BeforeProcessingInitializeOnLoad (51ms)
				ProcessInitializeOnLoadAttributes (295ms)
				ProcessInitializeOnLoadMethodAttributes (11ms)
				AfterProcessingInitializeOnLoad (5ms)
				EditorAssembliesLoaded (0ms)
			ExecutionOrderSort2 (0ms)
			AwakeInstancesAfterBackupRestoration (6ms)
Platform modules already initialized, skipping
Refreshing native plugins compatible for Editor in 1.07 ms, found 17 plugins.
Preloading 2 native plugins for Editor in 0.15 ms.
Unloading 2231 Unused Serialized files (Serialized files now loaded: 0)
System memory in use before: 134.4 MB.
System memory in use after: 134.0 MB.

Unloading 34 unused Assets to reduce memory usage. Loaded Objects now: 2859.
Total: 3.520200 ms (FindLiveObjects: 0.368800 ms CreateObjectMapping: 0.130300 ms MarkObjects: 2.698100 ms  DeleteObjects: 0.320800 ms)

AssetImportParameters requested are different than current active one (requested -> active):
  custom:framework-win-MediaFoundation: 216162199b28c13a410421893ffa2e32 -> 
  custom:video-decoder-ogg-theora: a1e56fd34408186e4bbccfd4996cb3dc -> 
  custom:container-muxer-webm: aa71ff27fc2769a1b78a27578f13a17b -> 
  custom:container-demuxer-webm: 4f35f7cbe854078d1ac9338744f61a02 -> 
  custom:container-demuxer-ogg: 62fdf1f143b41e24485cea50d1cbac27 -> 
  custom:video-encoder-webm-vp8: eb34c28f22e8b96e1ab97ce403110664 -> 
  custom:video-codec-MediaFoundation-h265: 746d11721c4dcdbdad8f713fa42b33f4 -> 
  custom:video-decoder-webm-vp8: 9c59270c3fd7afecdb556c50c9e8de78 -> 
  custom:audio-decoder-ogg-vorbis: bf7c407c2cedff20999df2af8eb42d56 -> 
  custom:audio-encoder-webm-vorbis: bf7c407c2cedff20999df2af8eb42d56 -> 
========================================================================
Received Prepare
Registering precompiled user dll's ...
Registered in 0.008900 seconds.
Begin MonoManager ReloadAssembly
Native extension for LinuxStandalone target not found
Native extension for WindowsStandalone target not found
Native extension for WebGL target not found
Refreshing native plugins compatible for Editor in 1.08 ms, found 17 plugins.
Preloading 2 native plugins for Editor in 0.17 ms.
System.Reflection.TargetInvocationException: Exception has been thrown by the target of an invocation. ---> System.NullReferenceException: Object reference not set to an instance of an object
  at Unity.XR.Oculus.OculusLoader.AssetPathToAbsolutePath (System.String assetPath) [0x00048] in C:\Users\Maggie\Desktop\cs-420\BigPlantMoment\Library\PackageCache\com.unity.xr.oculus@1.9.1\Runtime\OculusLoader.cs:249 
  at Unity.XR.Oculus.OculusLoader.EditorLoadOVRPlugin () [0x0007b] in C:\Users\Maggie\Desktop\cs-420\BigPlantMoment\Library\PackageCache\com.unity.xr.oculus@1.9.1\Runtime\OculusLoader.cs:234 
  at (wrapper managed-to-native) System.Reflection.MonoMethod.InternalInvoke(System.Reflection.MonoMethod,object,object[],System.Exception&)
  at System.Reflection.MonoMethod.Invoke (System.Object obj, System.Reflection.BindingFlags invokeAttr, System.Reflection.Binder binder, System.Object[] parameters, System.Globalization.CultureInfo culture) [0x00032] in <695d1cc93cca45069c528c15c9fdd749>:0 
   --- End of inner exception stack trace ---
  at System.Reflection.MonoMethod.Invoke (System.Object obj, System.Reflection.BindingFlags invokeAttr, System.Reflection.Binder binder, System.Object[] parameters, System.Globalization.CultureInfo culture) [0x00048] in <695d1cc93cca45069c528c15c9fdd749>:0 
  at System.Reflection.MethodBase.Invoke (System.Object obj, System.Object[] parameters) [0x00000] in <695d1cc93cca45069c528c15c9fdd749>:0 
  at UnityEditor.EditorAssemblies.ProcessInitializeOnLoadMethodAttributes () [0x00047] in <44c3723143904fb88deebc993c7bb491>:0 
UnityEngine.StackTraceUtility:ExtractStackTrace ()
UnityEngine.DebugLogHandler:LogFormat (UnityEngine.LogType,UnityEngine.Object,string,object[])
UnityEngine.Logger:Log (UnityEngine.LogType,object)
UnityEngine.Debug:LogError (object)
UnityEditor.EditorAssemblies:ProcessInitializeOnLoadMethodAttributes ()

Mono: successfully reloaded assembly
- Completed reload, in  1.024 seconds
Domain Reload Profiling:
	ReloadAssembly (1025ms)
		BeginReloadAssembly (95ms)
			ExecutionOrderSort (0ms)
			DisableScriptedObjects (4ms)
			BackupInstance (0ms)
			ReleaseScriptingObjects (0ms)
			CreateAndSetChildDomain (32ms)
		EndReloadAssembly (875ms)
			LoadAssemblies (73ms)
			RebuildTransferFunctionScriptingTraits (0ms)
			SetupTypeCache (237ms)
			ReleaseScriptCaches (1ms)
			RebuildScriptCaches (35ms)
			SetupLoadedEditorAssemblies (395ms)
				LogAssemblyErrors (0ms)
				InitializePlatformSupportModulesInManaged (5ms)
				SetLoadedEditorAssemblies (0ms)
				RefreshPlugins (1ms)
				BeforeProcessingInitializeOnLoad (55ms)
				ProcessInitializeOnLoadAttributes (315ms)
				ProcessInitializeOnLoadMethodAttributes (13ms)
				AfterProcessingInitializeOnLoad (5ms)
				EditorAssembliesLoaded (0ms)
			ExecutionOrderSort2 (0ms)
			AwakeInstancesAfterBackupRestoration (6ms)
Platform modules already initialized, skipping
Refreshing native plugins compatible for Editor in 1.08 ms, found 17 plugins.
Preloading 2 native plugins for Editor in 0.17 ms.
Unloading 2231 Unused Serialized files (Serialized files now loaded: 0)
System memory in use before: 134.4 MB.
System memory in use after: 134.0 MB.

Unloading 34 unused Assets to reduce memory usage. Loaded Objects now: 2863.
Total: 3.657600 ms (FindLiveObjects: 0.431500 ms CreateObjectMapping: 0.115000 ms MarkObjects: 2.784800 ms  DeleteObjects: 0.324000 ms)

AssetImportParameters requested are different than current active one (requested -> active):
  custom:framework-win-MediaFoundation: 216162199b28c13a410421893ffa2e32 -> 
  custom:video-decoder-ogg-theora: a1e56fd34408186e4bbccfd4996cb3dc -> 
  custom:container-muxer-webm: aa71ff27fc2769a1b78a27578f13a17b -> 
  custom:container-demuxer-webm: 4f35f7cbe854078d1ac9338744f61a02 -> 
  custom:container-demuxer-ogg: 62fdf1f143b41e24485cea50d1cbac27 -> 
  custom:video-encoder-webm-vp8: eb34c28f22e8b96e1ab97ce403110664 -> 
  custom:video-codec-MediaFoundation-h265: 746d11721c4dcdbdad8f713fa42b33f4 -> 
  custom:video-decoder-webm-vp8: 9c59270c3fd7afecdb556c50c9e8de78 -> 
  custom:audio-decoder-ogg-vorbis: bf7c407c2cedff20999df2af8eb42d56 -> 
  custom:audio-encoder-webm-vorbis: bf7c407c2cedff20999df2af8eb42d56 -> 
========================================================================
Received Import Request.
  Time since last request: 52.420426 seconds.
  path: Assets/AssetsSelectedCustomized/trees/Materials/pinetree.mat
  artifactKey: Guid(0ce17c428fad2174ab7c704677608a45) Importer(815301076,1909f56bfc062723c751e8b465ee728b)
Start importing Assets/AssetsSelectedCustomized/trees/Materials/pinetree.mat using Guid(0ce17c428fad2174ab7c704677608a45) Importer(815301076,1909f56bfc062723c751e8b465ee728b)  -> (artifact id: 'd5898a5fab1b0aded299b8068481a6c9') in 0.084111 seconds 
  Import took 0.089232 seconds .

========================================================================
Received Import Request.
  Time since last request: 8.595233 seconds.
  path: Assets/AdventureForge/Geometry/Mushroom/Materials/1024/Mushroom01MA_1024.mat
  artifactKey: Guid(7e594332552d8404fa158c997fe8bb50) Importer(815301076,1909f56bfc062723c751e8b465ee728b)
Start importing Assets/AdventureForge/Geometry/Mushroom/Materials/1024/Mushroom01MA_1024.mat using Guid(7e594332552d8404fa158c997fe8bb50) Importer(815301076,1909f56bfc062723c751e8b465ee728b)  -> (artifact id: '730d1a80a32ec79d48d67d2399b58e35') in 0.015994 seconds 
  Import took 0.020690 seconds .

========================================================================
Received Import Request.
  Time since last request: 0.392734 seconds.
  path: Assets/ADG_Textures/ground_vol1/ground12/ground12.mat
  artifactKey: Guid(43f38029a9368894a9fb4dd19ce0bfcd) Importer(815301076,1909f56bfc062723c751e8b465ee728b)
Start importing Assets/ADG_Textures/ground_vol1/ground12/ground12.mat using Guid(43f38029a9368894a9fb4dd19ce0bfcd) Importer(815301076,1909f56bfc062723c751e8b465ee728b)  -> (artifact id: '749a261ba94537676ce36c6ed87cc3e6') in 0.049033 seconds 
  Import took 0.053921 seconds .

========================================================================
Received Import Request.
  Time since last request: 0.265041 seconds.
  path: Assets/ADG_Textures/ground_vol1/ground1/ground1.mat
  artifactKey: Guid(2ad85dfe2430c9944a67aabf28740c2d) Importer(815301076,1909f56bfc062723c751e8b465ee728b)
Start importing Assets/ADG_Textures/ground_vol1/ground1/ground1.mat using Guid(2ad85dfe2430c9944a67aabf28740c2d) Importer(815301076,1909f56bfc062723c751e8b465ee728b)  -> (artifact id: '217842af5f16c6c0ecf2d1d56eefe60c') in 0.018641 seconds 
  Import took 0.023713 seconds .

========================================================================
Received Import Request.
  Time since last request: 0.005184 seconds.
  path: Assets/ADG_Textures/ground_vol1/ground1/ground1.mat
  artifactKey: Guid(2ad85dfe2430c9944a67aabf28740c2d) Importer(815301076,1909f56bfc062723c751e8b465ee728b)
Start importing Assets/ADG_Textures/ground_vol1/ground1/ground1.mat using Guid(2ad85dfe2430c9944a67aabf28740c2d) Importer(815301076,1909f56bfc062723c751e8b465ee728b)  -> (artifact id: '217842af5f16c6c0ecf2d1d56eefe60c') in 0.015858 seconds 
  Import took 0.020265 seconds .

========================================================================
Received Import Request.
  Time since last request: 0.660265 seconds.
  path: Assets/AssetsSelectedCustomized/vegetation/Materials/fern.mat
  artifactKey: Guid(acf425e2094cf064e9f463fb9f100b19) Importer(815301076,1909f56bfc062723c751e8b465ee728b)
Start importing Assets/AssetsSelectedCustomized/vegetation/Materials/fern.mat using Guid(acf425e2094cf064e9f463fb9f100b19) Importer(815301076,1909f56bfc062723c751e8b465ee728b)  -> (artifact id: '101383a389daf2023e553b374d9e28ee') in 0.022499 seconds 
  Import took 0.026474 seconds .

========================================================================
Received Import Request.
  Time since last request: 0.005061 seconds.
  path: Assets/AssetsSelectedCustomized/vegetation/Materials/fern.mat
  artifactKey: Guid(acf425e2094cf064e9f463fb9f100b19) Importer(815301076,1909f56bfc062723c751e8b465ee728b)
Start importing Assets/AssetsSelectedCustomized/vegetation/Materials/fern.mat using Guid(acf425e2094cf064e9f463fb9f100b19) Importer(815301076,1909f56bfc062723c751e8b465ee728b)  -> (artifact id: '101383a389daf2023e553b374d9e28ee') in 0.008513 seconds 
  Import took 0.012682 seconds .

========================================================================
Received Import Request.
  Time since last request: 1.039163 seconds.
  path: Assets/Packs/BirchPackVol1/Materials/Branches_06.mat
  artifactKey: Guid(ca36bba37e277ff49ba531d2e56c8ba0) Importer(815301076,1909f56bfc062723c751e8b465ee728b)
Start importing Assets/Packs/BirchPackVol1/Materials/Branches_06.mat using Guid(ca36bba37e277ff49ba531d2e56c8ba0) Importer(815301076,1909f56bfc062723c751e8b465ee728b)  -> (artifact id: 'fd584d29b4f76979bc0e7ce7b9373e6f') in 0.014873 seconds 
  Import took 0.019478 seconds .

========================================================================
Received Prepare
Registering precompiled user dll's ...
Registered in 0.009158 seconds.
Begin MonoManager ReloadAssembly
Native extension for LinuxStandalone target not found
Native extension for WindowsStandalone target not found
Native extension for WebGL target not found
Refreshing native plugins compatible for Editor in 1.09 ms, found 17 plugins.
Preloading 2 native plugins for Editor in 0.17 ms.
System.Reflection.TargetInvocationException: Exception has been thrown by the target of an invocation. ---> System.NullReferenceException: Object reference not set to an instance of an object
  at Unity.XR.Oculus.OculusLoader.AssetPathToAbsolutePath (System.String assetPath) [0x00048] in C:\Users\Maggie\Desktop\cs-420\BigPlantMoment\Library\PackageCache\com.unity.xr.oculus@1.9.1\Runtime\OculusLoader.cs:249 
  at Unity.XR.Oculus.OculusLoader.EditorLoadOVRPlugin () [0x0007b] in C:\Users\Maggie\Desktop\cs-420\BigPlantMoment\Library\PackageCache\com.unity.xr.oculus@1.9.1\Runtime\OculusLoader.cs:234 
  at (wrapper managed-to-native) System.Reflection.MonoMethod.InternalInvoke(System.Reflection.MonoMethod,object,object[],System.Exception&)
  at System.Reflection.MonoMethod.Invoke (System.Object obj, System.Reflection.BindingFlags invokeAttr, System.Reflection.Binder binder, System.Object[] parameters, System.Globalization.CultureInfo culture) [0x00032] in <695d1cc93cca45069c528c15c9fdd749>:0 
   --- End of inner exception stack trace ---
  at System.Reflection.MonoMethod.Invoke (System.Object obj, System.Reflection.BindingFlags invokeAttr, System.Reflection.Binder binder, System.Object[] parameters, System.Globalization.CultureInfo culture) [0x00048] in <695d1cc93cca45069c528c15c9fdd749>:0 
  at System.Reflection.MethodBase.Invoke (System.Object obj, System.Object[] parameters) [0x00000] in <695d1cc93cca45069c528c15c9fdd749>:0 
  at UnityEditor.EditorAssemblies.ProcessInitializeOnLoadMethodAttributes () [0x00047] in <44c3723143904fb88deebc993c7bb491>:0 
UnityEngine.StackTraceUtility:ExtractStackTrace ()
UnityEngine.DebugLogHandler:LogFormat (UnityEngine.LogType,UnityEngine.Object,string,object[])
UnityEngine.Logger:Log (UnityEngine.LogType,object)
UnityEngine.Debug:LogError (object)
UnityEditor.EditorAssemblies:ProcessInitializeOnLoadMethodAttributes ()

Mono: successfully reloaded assembly
- Completed reload, in  1.052 seconds
Domain Reload Profiling:
	ReloadAssembly (1053ms)
		BeginReloadAssembly (103ms)
			ExecutionOrderSort (0ms)
			DisableScriptedObjects (3ms)
			BackupInstance (0ms)
			ReleaseScriptingObjects (0ms)
			CreateAndSetChildDomain (37ms)
		EndReloadAssembly (893ms)
			LoadAssemblies (76ms)
			RebuildTransferFunctionScriptingTraits (0ms)
			SetupTypeCache (247ms)
			ReleaseScriptCaches (1ms)
			RebuildScriptCaches (35ms)
			SetupLoadedEditorAssemblies (396ms)
				LogAssemblyErrors (0ms)
				InitializePlatformSupportModulesInManaged (5ms)
				SetLoadedEditorAssemblies (0ms)
				RefreshPlugins (1ms)
				BeforeProcessingInitializeOnLoad (53ms)
				ProcessInitializeOnLoadAttributes (319ms)
				ProcessInitializeOnLoadMethodAttributes (12ms)
				AfterProcessingInitializeOnLoad (5ms)
				EditorAssembliesLoaded (0ms)
			ExecutionOrderSort2 (0ms)
			AwakeInstancesAfterBackupRestoration (6ms)
Platform modules already initialized, skipping
Refreshing native plugins compatible for Editor in 1.08 ms, found 17 plugins.
Preloading 2 native plugins for Editor in 0.15 ms.
Unloading 2231 Unused Serialized files (Serialized files now loaded: 0)
System memory in use before: 134.4 MB.
System memory in use after: 134.1 MB.

Unloading 34 unused Assets to reduce memory usage. Loaded Objects now: 2868.
Total: 4.185100 ms (FindLiveObjects: 0.354800 ms CreateObjectMapping: 0.110400 ms MarkObjects: 3.393000 ms  DeleteObjects: 0.325300 ms)

AssetImportParameters requested are different than current active one (requested -> active):
  custom:framework-win-MediaFoundation: 216162199b28c13a410421893ffa2e32 -> 
  custom:video-decoder-ogg-theora: a1e56fd34408186e4bbccfd4996cb3dc -> 
  custom:container-muxer-webm: aa71ff27fc2769a1b78a27578f13a17b -> 
  custom:container-demuxer-webm: 4f35f7cbe854078d1ac9338744f61a02 -> 
  custom:container-demuxer-ogg: 62fdf1f143b41e24485cea50d1cbac27 -> 
  custom:video-encoder-webm-vp8: eb34c28f22e8b96e1ab97ce403110664 -> 
  custom:video-codec-MediaFoundation-h265: 746d11721c4dcdbdad8f713fa42b33f4 -> 
  custom:video-decoder-webm-vp8: 9c59270c3fd7afecdb556c50c9e8de78 -> 
  custom:audio-decoder-ogg-vorbis: bf7c407c2cedff20999df2af8eb42d56 -> 
  custom:audio-encoder-webm-vorbis: bf7c407c2cedff20999df2af8eb42d56 -> 
========================================================================
Received Import Request.
  Time since last request: 265.238021 seconds.
  path: Assets/Quiet Morning Hours Skybox/QuietMorningHoursSkybox_back.tga
  artifactKey: Guid(d3b665c8176f27c40924812d78c6d2d6) Importer(815301076,1909f56bfc062723c751e8b465ee728b)
Start importing Assets/Quiet Morning Hours Skybox/QuietMorningHoursSkybox_back.tga using Guid(d3b665c8176f27c40924812d78c6d2d6) Importer(815301076,1909f56bfc062723c751e8b465ee728b)  -> (artifact id: 'c9b0a84a1c8cb8d1ee76529690774be7') in 0.057080 seconds 
  Import took 0.062155 seconds .

========================================================================
Received Import Request.
  Time since last request: 0.000317 seconds.
  path: Assets/Quiet Morning Hours Skybox/QuietMorningHoursSkybox_sky.mat
  artifactKey: Guid(cfb654d2bbeae7d43bb388164b91b4e4) Importer(815301076,1909f56bfc062723c751e8b465ee728b)
Start importing Assets/Quiet Morning Hours Skybox/QuietMorningHoursSkybox_sky.mat using Guid(cfb654d2bbeae7d43bb388164b91b4e4) Importer(815301076,1909f56bfc062723c751e8b465ee728b)  -> (artifact id: '49a0a90bc3507b9aab65853868fca2d8') in 0.046321 seconds 
  Import took 0.050589 seconds .

========================================================================
Received Import Request.
  Time since last request: 0.000247 seconds.
  path: Assets/Quiet Morning Hours Skybox/QuietMorningHoursSkybox_front.tga
  artifactKey: Guid(a1e67a28e6979ec46881262dfecfe015) Importer(815301076,1909f56bfc062723c751e8b465ee728b)
Start importing Assets/Quiet Morning Hours Skybox/QuietMorningHoursSkybox_front.tga using Guid(a1e67a28e6979ec46881262dfecfe015) Importer(815301076,1909f56bfc062723c751e8b465ee728b)  -> (artifact id: '3206e7d592b0705e1f2aa153a8a098e6') in 0.012476 seconds 
  Import took 0.016284 seconds .

========================================================================
Received Import Request.
  Time since last request: 0.000261 seconds.
  path: Assets/Quiet Morning Hours Skybox/QuietMorningHoursSkybox_left.tga
  artifactKey: Guid(3c84f1f935641f946badbde989bc7a33) Importer(815301076,1909f56bfc062723c751e8b465ee728b)
Start importing Assets/Quiet Morning Hours Skybox/QuietMorningHoursSkybox_left.tga using Guid(3c84f1f935641f946badbde989bc7a33) Importer(815301076,1909f56bfc062723c751e8b465ee728b)  -> (artifact id: '5b4027764dbb612c6255677e681970fe') in 0.012979 seconds 
  Import took 0.016549 seconds .

========================================================================
Received Import Request.
  Time since last request: 0.000260 seconds.
  path: Assets/Quiet Morning Hours Skybox/QuietMorningHoursSkybox_right.tga
  artifactKey: Guid(47d9526ee229f494ab2813255cfab542) Importer(815301076,1909f56bfc062723c751e8b465ee728b)
Start importing Assets/Quiet Morning Hours Skybox/QuietMorningHoursSkybox_right.tga using Guid(47d9526ee229f494ab2813255cfab542) Importer(815301076,1909f56bfc062723c751e8b465ee728b)  -> (artifact id: 'eedf5adc9a6cf700b532bd1d7515f9e2') in 0.012500 seconds 
  Import took 0.016570 seconds .

========================================================================
Received Import Request.
  Time since last request: 0.000182 seconds.
  path: Assets/Quiet Morning Hours Skybox/QuietMorningHoursSkybox_up.tga
  artifactKey: Guid(21cc1d44187749d43b4807ca046e78cc) Importer(815301076,1909f56bfc062723c751e8b465ee728b)
Start importing Assets/Quiet Morning Hours Skybox/QuietMorningHoursSkybox_up.tga using Guid(21cc1d44187749d43b4807ca046e78cc) Importer(815301076,1909f56bfc062723c751e8b465ee728b)  -> (artifact id: '2bd9b74c72f30bd1867534576bcd726e') in 0.013158 seconds 
  Import took 0.017071 seconds .

========================================================================
Received Import Request.
  Time since last request: 0.000185 seconds.
  path: Assets/Quiet Morning Hours Skybox/QuietMorningHoursSkybox_cubemap.cubemap
  artifactKey: Guid(8a5dcef9d3e9b4a4c8ce7f8ddee5aff7) Importer(815301076,1909f56bfc062723c751e8b465ee728b)
Start importing Assets/Quiet Morning Hours Skybox/QuietMorningHoursSkybox_cubemap.cubemap using Guid(8a5dcef9d3e9b4a4c8ce7f8ddee5aff7) Importer(815301076,1909f56bfc062723c751e8b465ee728b)  -> (artifact id: '848522d3ea7b5737d596270b4eb83611') in 0.047408 seconds 
  Import took 0.051165 seconds .

========================================================================
Received Import Request.
  Time since last request: 0.000189 seconds.
  path: Assets/Quiet Morning Hours Skybox/QuietMorningHoursSkybox_down.tga
  artifactKey: Guid(6a45283d6aa6eb247ad87445b0354f15) Importer(815301076,1909f56bfc062723c751e8b465ee728b)
Start importing Assets/Quiet Morning Hours Skybox/QuietMorningHoursSkybox_down.tga using Guid(6a45283d6aa6eb247ad87445b0354f15) Importer(815301076,1909f56bfc062723c751e8b465ee728b)  -> (artifact id: '614466ad863dcf661d841795012c22d9') in 0.011367 seconds 
  Import took 0.015343 seconds .

========================================================================
Received Import Request.
  Time since last request: 39.973983 seconds.
  path: Assets/GalacticGreen/Material/GalacticGreenMaterial.mat
  artifactKey: Guid(42eaf2c5dbb13dc498f15df5a5b05fda) Importer(815301076,1909f56bfc062723c751e8b465ee728b)
Start importing Assets/GalacticGreen/Material/GalacticGreenMaterial.mat using Guid(42eaf2c5dbb13dc498f15df5a5b05fda) Importer(815301076,1909f56bfc062723c751e8b465ee728b)  -> (artifact id: '7923971ab0983bf3668180696bb57809') in 0.022527 seconds 
  Import took 0.027110 seconds .

========================================================================
Received Import Request.
  Time since last request: 0.001500 seconds.
  path: Assets/GalacticGreen/Material/GalacticGreenMaterial.mat
  artifactKey: Guid(42eaf2c5dbb13dc498f15df5a5b05fda) Importer(815301076,1909f56bfc062723c751e8b465ee728b)
Start importing Assets/GalacticGreen/Material/GalacticGreenMaterial.mat using Guid(42eaf2c5dbb13dc498f15df5a5b05fda) Importer(815301076,1909f56bfc062723c751e8b465ee728b)  -> (artifact id: '7923971ab0983bf3668180696bb57809') in 0.021544 seconds 
  Import took 0.026305 seconds .

========================================================================
Received Prepare
Registering precompiled user dll's ...
Registered in 0.009132 seconds.
Begin MonoManager ReloadAssembly
Native extension for LinuxStandalone target not found
Native extension for WindowsStandalone target not found
Native extension for WebGL target not found
Refreshing native plugins compatible for Editor in 1.16 ms, found 17 plugins.
Preloading 2 native plugins for Editor in 0.20 ms.
System.Reflection.TargetInvocationException: Exception has been thrown by the target of an invocation. ---> System.NullReferenceException: Object reference not set to an instance of an object
  at Unity.XR.Oculus.OculusLoader.AssetPathToAbsolutePath (System.String assetPath) [0x00048] in C:\Users\Maggie\Desktop\cs-420\BigPlantMoment\Library\PackageCache\com.unity.xr.oculus@1.9.1\Runtime\OculusLoader.cs:249 
  at Unity.XR.Oculus.OculusLoader.EditorLoadOVRPlugin () [0x0007b] in C:\Users\Maggie\Desktop\cs-420\BigPlantMoment\Library\PackageCache\com.unity.xr.oculus@1.9.1\Runtime\OculusLoader.cs:234 
  at (wrapper managed-to-native) System.Reflection.MonoMethod.InternalInvoke(System.Reflection.MonoMethod,object,object[],System.Exception&)
  at System.Reflection.MonoMethod.Invoke (System.Object obj, System.Reflection.BindingFlags invokeAttr, System.Reflection.Binder binder, System.Object[] parameters, System.Globalization.CultureInfo culture) [0x00032] in <695d1cc93cca45069c528c15c9fdd749>:0 
   --- End of inner exception stack trace ---
  at System.Reflection.MonoMethod.Invoke (System.Object obj, System.Reflection.BindingFlags invokeAttr, System.Reflection.Binder binder, System.Object[] parameters, System.Globalization.CultureInfo culture) [0x00048] in <695d1cc93cca45069c528c15c9fdd749>:0 
  at System.Reflection.MethodBase.Invoke (System.Object obj, System.Object[] parameters) [0x00000] in <695d1cc93cca45069c528c15c9fdd749>:0 
  at UnityEditor.EditorAssemblies.ProcessInitializeOnLoadMethodAttributes () [0x00047] in <44c3723143904fb88deebc993c7bb491>:0 
UnityEngine.StackTraceUtility:ExtractStackTrace ()
UnityEngine.DebugLogHandler:LogFormat (UnityEngine.LogType,UnityEngine.Object,string,object[])
UnityEngine.Logger:Log (UnityEngine.LogType,object)
UnityEngine.Debug:LogError (object)
UnityEditor.EditorAssemblies:ProcessInitializeOnLoadMethodAttributes ()

Mono: successfully reloaded assembly
- Completed reload, in  1.054 seconds
Domain Reload Profiling:
	ReloadAssembly (1054ms)
		BeginReloadAssembly (102ms)
			ExecutionOrderSort (0ms)
			DisableScriptedObjects (3ms)
			BackupInstance (0ms)
			ReleaseScriptingObjects (0ms)
			CreateAndSetChildDomain (33ms)
		EndReloadAssembly (896ms)
			LoadAssemblies (73ms)
			RebuildTransferFunctionScriptingTraits (0ms)
			SetupTypeCache (244ms)
			ReleaseScriptCaches (1ms)
			RebuildScriptCaches (34ms)
			SetupLoadedEditorAssemblies (398ms)
				LogAssemblyErrors (0ms)
				InitializePlatformSupportModulesInManaged (6ms)
				SetLoadedEditorAssemblies (0ms)
				RefreshPlugins (1ms)
				BeforeProcessingInitializeOnLoad (60ms)
				ProcessInitializeOnLoadAttributes (310ms)
				ProcessInitializeOnLoadMethodAttributes (15ms)
				AfterProcessingInitializeOnLoad (5ms)
				EditorAssembliesLoaded (0ms)
			ExecutionOrderSort2 (0ms)
			AwakeInstancesAfterBackupRestoration (6ms)
Platform modules already initialized, skipping
Refreshing native plugins compatible for Editor in 1.09 ms, found 17 plugins.
Preloading 2 native plugins for Editor in 0.14 ms.
Unloading 2231 Unused Serialized files (Serialized files now loaded: 0)
System memory in use before: 134.4 MB.
System memory in use after: 134.1 MB.

Unloading 34 unused Assets to reduce memory usage. Loaded Objects now: 2877.
Total: 4.088900 ms (FindLiveObjects: 0.493400 ms CreateObjectMapping: 0.132900 ms MarkObjects: 3.131000 ms  DeleteObjects: 0.330000 ms)

AssetImportParameters requested are different than current active one (requested -> active):
  custom:framework-win-MediaFoundation: 216162199b28c13a410421893ffa2e32 -> 
  custom:video-decoder-ogg-theora: a1e56fd34408186e4bbccfd4996cb3dc -> 
  custom:container-muxer-webm: aa71ff27fc2769a1b78a27578f13a17b -> 
  custom:container-demuxer-webm: 4f35f7cbe854078d1ac9338744f61a02 -> 
  custom:container-demuxer-ogg: 62fdf1f143b41e24485cea50d1cbac27 -> 
  custom:video-encoder-webm-vp8: eb34c28f22e8b96e1ab97ce403110664 -> 
  custom:video-codec-MediaFoundation-h265: 746d11721c4dcdbdad8f713fa42b33f4 -> 
  custom:video-decoder-webm-vp8: 9c59270c3fd7afecdb556c50c9e8de78 -> 
  custom:audio-decoder-ogg-vorbis: bf7c407c2cedff20999df2af8eb42d56 -> 
  custom:audio-encoder-webm-vorbis: bf7c407c2cedff20999df2af8eb42d56 -> 
========================================================================
Received Prepare
Registering precompiled user dll's ...
Registered in 0.009065 seconds.
Begin MonoManager ReloadAssembly
Native extension for LinuxStandalone target not found
Native extension for WindowsStandalone target not found
Native extension for WebGL target not found
Refreshing native plugins compatible for Editor in 1.09 ms, found 17 plugins.
Preloading 2 native plugins for Editor in 0.16 ms.
System.Reflection.TargetInvocationException: Exception has been thrown by the target of an invocation. ---> System.NullReferenceException: Object reference not set to an instance of an object
  at Unity.XR.Oculus.OculusLoader.AssetPathToAbsolutePath (System.String assetPath) [0x00048] in C:\Users\Maggie\Desktop\cs-420\BigPlantMoment\Library\PackageCache\com.unity.xr.oculus@1.9.1\Runtime\OculusLoader.cs:249 
  at Unity.XR.Oculus.OculusLoader.EditorLoadOVRPlugin () [0x0007b] in C:\Users\Maggie\Desktop\cs-420\BigPlantMoment\Library\PackageCache\com.unity.xr.oculus@1.9.1\Runtime\OculusLoader.cs:234 
  at (wrapper managed-to-native) System.Reflection.MonoMethod.InternalInvoke(System.Reflection.MonoMethod,object,object[],System.Exception&)
  at System.Reflection.MonoMethod.Invoke (System.Object obj, System.Reflection.BindingFlags invokeAttr, System.Reflection.Binder binder, System.Object[] parameters, System.Globalization.CultureInfo culture) [0x00032] in <695d1cc93cca45069c528c15c9fdd749>:0 
   --- End of inner exception stack trace ---
  at System.Reflection.MonoMethod.Invoke (System.Object obj, System.Reflection.BindingFlags invokeAttr, System.Reflection.Binder binder, System.Object[] parameters, System.Globalization.CultureInfo culture) [0x00048] in <695d1cc93cca45069c528c15c9fdd749>:0 
  at System.Reflection.MethodBase.Invoke (System.Object obj, System.Object[] parameters) [0x00000] in <695d1cc93cca45069c528c15c9fdd749>:0 
  at UnityEditor.EditorAssemblies.ProcessInitializeOnLoadMethodAttributes () [0x00047] in <44c3723143904fb88deebc993c7bb491>:0 
UnityEngine.StackTraceUtility:ExtractStackTrace ()
UnityEngine.DebugLogHandler:LogFormat (UnityEngine.LogType,UnityEngine.Object,string,object[])
UnityEngine.Logger:Log (UnityEngine.LogType,object)
UnityEngine.Debug:LogError (object)
UnityEditor.EditorAssemblies:ProcessInitializeOnLoadMethodAttributes ()

Mono: successfully reloaded assembly
- Completed reload, in  1.022 seconds
Domain Reload Profiling:
	ReloadAssembly (1022ms)
		BeginReloadAssembly (93ms)
			ExecutionOrderSort (0ms)
			DisableScriptedObjects (4ms)
			BackupInstance (0ms)
			ReleaseScriptingObjects (0ms)
			CreateAndSetChildDomain (30ms)
		EndReloadAssembly (874ms)
			LoadAssemblies (70ms)
			RebuildTransferFunctionScriptingTraits (0ms)
			SetupTypeCache (238ms)
			ReleaseScriptCaches (1ms)
			RebuildScriptCaches (33ms)
			SetupLoadedEditorAssemblies (391ms)
				LogAssemblyErrors (0ms)
				InitializePlatformSupportModulesInManaged (5ms)
				SetLoadedEditorAssemblies (0ms)
				RefreshPlugins (1ms)
				BeforeProcessingInitializeOnLoad (54ms)
				ProcessInitializeOnLoadAttributes (313ms)
				ProcessInitializeOnLoadMethodAttributes (12ms)
				AfterProcessingInitializeOnLoad (5ms)
				EditorAssembliesLoaded (0ms)
			ExecutionOrderSort2 (0ms)
			AwakeInstancesAfterBackupRestoration (6ms)
Platform modules already initialized, skipping
Refreshing native plugins compatible for Editor in 1.23 ms, found 17 plugins.
Preloading 2 native plugins for Editor in 0.20 ms.
Unloading 2231 Unused Serialized files (Serialized files now loaded: 0)
System memory in use before: 134.5 MB.
System memory in use after: 134.2 MB.

Unloading 34 unused Assets to reduce memory usage. Loaded Objects now: 2881.
Total: 4.041100 ms (FindLiveObjects: 0.413900 ms CreateObjectMapping: 0.063700 ms MarkObjects: 3.124300 ms  DeleteObjects: 0.435600 ms)

AssetImportParameters requested are different than current active one (requested -> active):
  custom:framework-win-MediaFoundation: 216162199b28c13a410421893ffa2e32 -> 
  custom:video-decoder-ogg-theora: a1e56fd34408186e4bbccfd4996cb3dc -> 
  custom:container-muxer-webm: aa71ff27fc2769a1b78a27578f13a17b -> 
  custom:container-demuxer-webm: 4f35f7cbe854078d1ac9338744f61a02 -> 
  custom:container-demuxer-ogg: 62fdf1f143b41e24485cea50d1cbac27 -> 
  custom:video-encoder-webm-vp8: eb34c28f22e8b96e1ab97ce403110664 -> 
  custom:video-codec-MediaFoundation-h265: 746d11721c4dcdbdad8f713fa42b33f4 -> 
  custom:video-decoder-webm-vp8: 9c59270c3fd7afecdb556c50c9e8de78 -> 
  custom:audio-decoder-ogg-vorbis: bf7c407c2cedff20999df2af8eb42d56 -> 
  custom:audio-encoder-webm-vorbis: bf7c407c2cedff20999df2af8eb42d56 -> 
========================================================================
Received Import Request.
  Time since last request: 547.305321 seconds.
  path: Assets/AssetsSelectedCustomized/trees/LongLeafA_Textures/diffuse.png
  artifactKey: Guid(636708108dd07f247a5ee165d77fe7f4) Importer(815301076,1909f56bfc062723c751e8b465ee728b)
Start importing Assets/AssetsSelectedCustomized/trees/LongLeafA_Textures/diffuse.png using Guid(636708108dd07f247a5ee165d77fe7f4) Importer(815301076,1909f56bfc062723c751e8b465ee728b)  -> (artifact id: 'fef8de2f1550949146ff4cc158704729') in 0.072586 seconds 
  Import took 0.078288 seconds .

========================================================================
Received Import Request.
  Time since last request: 0.000255 seconds.
  path: Assets/AssetsSelectedCustomized/trees/LongLeafA_Textures/shadow.png
  artifactKey: Guid(c4b0f536cf12b2340944b44974d0396b) Importer(815301076,1909f56bfc062723c751e8b465ee728b)
Start importing Assets/AssetsSelectedCustomized/trees/LongLeafA_Textures/shadow.png using Guid(c4b0f536cf12b2340944b44974d0396b) Importer(815301076,1909f56bfc062723c751e8b465ee728b)  -> (artifact id: '40876c5cd705dbfaa42bdc7f0d2f7420') in 0.011675 seconds 
  Import took 0.015658 seconds .

========================================================================
Received Import Request.
  Time since last request: 0.000229 seconds.
  path: Assets/AssetsSelectedCustomized/trees/LongLeafA_Textures/translucency_gloss.png
  artifactKey: Guid(e87186cf56151f0449f6466abd014c43) Importer(815301076,1909f56bfc062723c751e8b465ee728b)
Start importing Assets/AssetsSelectedCustomized/trees/LongLeafA_Textures/translucency_gloss.png using Guid(e87186cf56151f0449f6466abd014c43) Importer(815301076,1909f56bfc062723c751e8b465ee728b)  -> (artifact id: '731bd904b5c58377151c590d0e70fa1c') in 0.013247 seconds 
  Import took 0.017101 seconds .

========================================================================
Received Import Request.
  Time since last request: 0.000199 seconds.
  path: Assets/AssetsSelectedCustomized/trees/LongLeafA_Textures/normal_specular.png
  artifactKey: Guid(826edbc6cde6f4142803d64f64cffc22) Importer(815301076,1909f56bfc062723c751e8b465ee728b)
Start importing Assets/AssetsSelectedCustomized/trees/LongLeafA_Textures/normal_specular.png using Guid(826edbc6cde6f4142803d64f64cffc22) Importer(815301076,1909f56bfc062723c751e8b465ee728b)  -> (artifact id: '138d554e3e5391699b95d86a7364fb27') in 0.014143 seconds 
  Import took 0.017917 seconds .

========================================================================
Received Import Request.
  Time since last request: 0.005649 seconds.
  path: Assets/AssetsSelectedCustomized/trees/LongLeafA_Textures/translucency_gloss.png
  artifactKey: Guid(e87186cf56151f0449f6466abd014c43) Importer(815301076,1909f56bfc062723c751e8b465ee728b)
Start importing Assets/AssetsSelectedCustomized/trees/LongLeafA_Textures/translucency_gloss.png using Guid(e87186cf56151f0449f6466abd014c43) Importer(815301076,1909f56bfc062723c751e8b465ee728b)  -> (artifact id: '731bd904b5c58377151c590d0e70fa1c') in 0.007554 seconds 
  Import took 0.011377 seconds .

========================================================================
Received Import Request.
  Time since last request: 113.292891 seconds.
  path: Assets/AssetsSelectedCustomized/trees/LongLeafB_Textures/diffuse.png
  artifactKey: Guid(1cc765cfbbdb1e142a378312b3a174f8) Importer(815301076,1909f56bfc062723c751e8b465ee728b)
Start importing Assets/AssetsSelectedCustomized/trees/LongLeafB_Textures/diffuse.png using Guid(1cc765cfbbdb1e142a378312b3a174f8) Importer(815301076,1909f56bfc062723c751e8b465ee728b)  -> (artifact id: '03586cee9b299357c4a486be105b862d') in 0.010615 seconds 
  Import took 0.015371 seconds .

========================================================================
Received Import Request.
  Time since last request: 0.000297 seconds.
  path: Assets/AssetsSelectedCustomized/trees/LongLeafB_Textures/translucency_gloss.png
  artifactKey: Guid(071beb1a1da70ec4fa2060e4396b0a3e) Importer(815301076,1909f56bfc062723c751e8b465ee728b)
Start importing Assets/AssetsSelectedCustomized/trees/LongLeafB_Textures/translucency_gloss.png using Guid(071beb1a1da70ec4fa2060e4396b0a3e) Importer(815301076,1909f56bfc062723c751e8b465ee728b)  -> (artifact id: '71a3219c65532477567a73ba0da4ab0d') in 0.009931 seconds 
  Import took 0.013614 seconds .

========================================================================
Received Import Request.
  Time since last request: 0.000312 seconds.
  path: Assets/AssetsSelectedCustomized/trees/LongLeafB_Textures/normal_specular.png
  artifactKey: Guid(83ea63accd29d4a48a198ec13c44be22) Importer(815301076,1909f56bfc062723c751e8b465ee728b)
Start importing Assets/AssetsSelectedCustomized/trees/LongLeafB_Textures/normal_specular.png using Guid(83ea63accd29d4a48a198ec13c44be22) Importer(815301076,1909f56bfc062723c751e8b465ee728b)  -> (artifact id: 'abef78f577fd1ef135e246224d049c71') in 0.012530 seconds 
  Import took 0.019294 seconds .

========================================================================
Received Import Request.
  Time since last request: 0.000194 seconds.
  path: Assets/AssetsSelectedCustomized/trees/LongLeafB_Textures/diffuse.png
  artifactKey: Guid(1cc765cfbbdb1e142a378312b3a174f8) Importer(815301076,1909f56bfc062723c751e8b465ee728b)
Start importing Assets/AssetsSelectedCustomized/trees/LongLeafB_Textures/diffuse.png using Guid(1cc765cfbbdb1e142a378312b3a174f8) Importer(815301076,1909f56bfc062723c751e8b465ee728b)  -> (artifact id: '03586cee9b299357c4a486be105b862d') in 0.010778 seconds 
  Import took 0.015362 seconds .

========================================================================
Received Prepare
Registering precompiled user dll's ...
Registered in 0.009056 seconds.
Begin MonoManager ReloadAssembly
Native extension for LinuxStandalone target not found
Native extension for WindowsStandalone target not found
Native extension for WebGL target not found
Refreshing native plugins compatible for Editor in 1.09 ms, found 17 plugins.
Preloading 2 native plugins for Editor in 0.17 ms.
System.Reflection.TargetInvocationException: Exception has been thrown by the target of an invocation. ---> System.NullReferenceException: Object reference not set to an instance of an object
  at Unity.XR.Oculus.OculusLoader.AssetPathToAbsolutePath (System.String assetPath) [0x00048] in C:\Users\Maggie\Desktop\cs-420\BigPlantMoment\Library\PackageCache\com.unity.xr.oculus@1.9.1\Runtime\OculusLoader.cs:249 
  at Unity.XR.Oculus.OculusLoader.EditorLoadOVRPlugin () [0x0007b] in C:\Users\Maggie\Desktop\cs-420\BigPlantMoment\Library\PackageCache\com.unity.xr.oculus@1.9.1\Runtime\OculusLoader.cs:234 
  at (wrapper managed-to-native) System.Reflection.MonoMethod.InternalInvoke(System.Reflection.MonoMethod,object,object[],System.Exception&)
  at System.Reflection.MonoMethod.Invoke (System.Object obj, System.Reflection.BindingFlags invokeAttr, System.Reflection.Binder binder, System.Object[] parameters, System.Globalization.CultureInfo culture) [0x00032] in <695d1cc93cca45069c528c15c9fdd749>:0 
   --- End of inner exception stack trace ---
  at System.Reflection.MonoMethod.Invoke (System.Object obj, System.Reflection.BindingFlags invokeAttr, System.Reflection.Binder binder, System.Object[] parameters, System.Globalization.CultureInfo culture) [0x00048] in <695d1cc93cca45069c528c15c9fdd749>:0 
  at System.Reflection.MethodBase.Invoke (System.Object obj, System.Object[] parameters) [0x00000] in <695d1cc93cca45069c528c15c9fdd749>:0 
  at UnityEditor.EditorAssemblies.ProcessInitializeOnLoadMethodAttributes () [0x00047] in <44c3723143904fb88deebc993c7bb491>:0 
UnityEngine.StackTraceUtility:ExtractStackTrace ()
UnityEngine.DebugLogHandler:LogFormat (UnityEngine.LogType,UnityEngine.Object,string,object[])
UnityEngine.Logger:Log (UnityEngine.LogType,object)
UnityEngine.Debug:LogError (object)
UnityEditor.EditorAssemblies:ProcessInitializeOnLoadMethodAttributes ()

Mono: successfully reloaded assembly
- Completed reload, in  1.025 seconds
Domain Reload Profiling:
	ReloadAssembly (1026ms)
		BeginReloadAssembly (93ms)
			ExecutionOrderSort (0ms)
			DisableScriptedObjects (3ms)
			BackupInstance (0ms)
			ReleaseScriptingObjects (0ms)
			CreateAndSetChildDomain (32ms)
		EndReloadAssembly (876ms)
			LoadAssemblies (74ms)
			RebuildTransferFunctionScriptingTraits (0ms)
			SetupTypeCache (239ms)
			ReleaseScriptCaches (1ms)
			RebuildScriptCaches (34ms)
			SetupLoadedEditorAssemblies (394ms)
				LogAssemblyErrors (0ms)
				InitializePlatformSupportModulesInManaged (5ms)
				SetLoadedEditorAssemblies (0ms)
				RefreshPlugins (1ms)
				BeforeProcessingInitializeOnLoad (58ms)
				ProcessInitializeOnLoadAttributes (313ms)
				ProcessInitializeOnLoadMethodAttributes (10ms)
				AfterProcessingInitializeOnLoad (5ms)
				EditorAssembliesLoaded (0ms)
			ExecutionOrderSort2 (0ms)
			AwakeInstancesAfterBackupRestoration (6ms)
Platform modules already initialized, skipping
Refreshing native plugins compatible for Editor in 1.08 ms, found 17 plugins.
Preloading 2 native plugins for Editor in 0.14 ms.
Unloading 2231 Unused Serialized files (Serialized files now loaded: 0)
System memory in use before: 134.6 MB.
System memory in use after: 134.2 MB.

Unloading 34 unused Assets to reduce memory usage. Loaded Objects now: 2885.
Total: 3.745900 ms (FindLiveObjects: 0.358500 ms CreateObjectMapping: 0.110200 ms MarkObjects: 2.936300 ms  DeleteObjects: 0.338200 ms)

AssetImportParameters requested are different than current active one (requested -> active):
  custom:framework-win-MediaFoundation: 216162199b28c13a410421893ffa2e32 -> 
  custom:video-decoder-ogg-theora: a1e56fd34408186e4bbccfd4996cb3dc -> 
  custom:container-muxer-webm: aa71ff27fc2769a1b78a27578f13a17b -> 
  custom:container-demuxer-webm: 4f35f7cbe854078d1ac9338744f61a02 -> 
  custom:container-demuxer-ogg: 62fdf1f143b41e24485cea50d1cbac27 -> 
  custom:video-encoder-webm-vp8: eb34c28f22e8b96e1ab97ce403110664 -> 
  custom:video-codec-MediaFoundation-h265: 746d11721c4dcdbdad8f713fa42b33f4 -> 
  custom:video-decoder-webm-vp8: 9c59270c3fd7afecdb556c50c9e8de78 -> 
  custom:audio-decoder-ogg-vorbis: bf7c407c2cedff20999df2af8eb42d56 -> 
  custom:audio-encoder-webm-vorbis: bf7c407c2cedff20999df2af8eb42d56 -> 
========================================================================
Received Prepare
Registering precompiled user dll's ...
Registered in 0.009210 seconds.
Begin MonoManager ReloadAssembly
Native extension for LinuxStandalone target not found
Native extension for WindowsStandalone target not found
Native extension for WebGL target not found
Refreshing native plugins compatible for Editor in 1.10 ms, found 17 plugins.
Preloading 2 native plugins for Editor in 0.17 ms.
System.Reflection.TargetInvocationException: Exception has been thrown by the target of an invocation. ---> System.NullReferenceException: Object reference not set to an instance of an object
  at Unity.XR.Oculus.OculusLoader.AssetPathToAbsolutePath (System.String assetPath) [0x00048] in C:\Users\Maggie\Desktop\cs-420\BigPlantMoment\Library\PackageCache\com.unity.xr.oculus@1.9.1\Runtime\OculusLoader.cs:249 
  at Unity.XR.Oculus.OculusLoader.EditorLoadOVRPlugin () [0x0007b] in C:\Users\Maggie\Desktop\cs-420\BigPlantMoment\Library\PackageCache\com.unity.xr.oculus@1.9.1\Runtime\OculusLoader.cs:234 
  at (wrapper managed-to-native) System.Reflection.MonoMethod.InternalInvoke(System.Reflection.MonoMethod,object,object[],System.Exception&)
  at System.Reflection.MonoMethod.Invoke (System.Object obj, System.Reflection.BindingFlags invokeAttr, System.Reflection.Binder binder, System.Object[] parameters, System.Globalization.CultureInfo culture) [0x00032] in <695d1cc93cca45069c528c15c9fdd749>:0 
   --- End of inner exception stack trace ---
  at System.Reflection.MonoMethod.Invoke (System.Object obj, System.Reflection.BindingFlags invokeAttr, System.Reflection.Binder binder, System.Object[] parameters, System.Globalization.CultureInfo culture) [0x00048] in <695d1cc93cca45069c528c15c9fdd749>:0 
  at System.Reflection.MethodBase.Invoke (System.Object obj, System.Object[] parameters) [0x00000] in <695d1cc93cca45069c528c15c9fdd749>:0 
  at UnityEditor.EditorAssemblies.ProcessInitializeOnLoadMethodAttributes () [0x00047] in <44c3723143904fb88deebc993c7bb491>:0 
UnityEngine.StackTraceUtility:ExtractStackTrace ()
UnityEngine.DebugLogHandler:LogFormat (UnityEngine.LogType,UnityEngine.Object,string,object[])
UnityEngine.Logger:Log (UnityEngine.LogType,object)
UnityEngine.Debug:LogError (object)
UnityEditor.EditorAssemblies:ProcessInitializeOnLoadMethodAttributes ()

Mono: successfully reloaded assembly
- Completed reload, in  1.043 seconds
Domain Reload Profiling:
	ReloadAssembly (1044ms)
		BeginReloadAssembly (103ms)
			ExecutionOrderSort (0ms)
			DisableScriptedObjects (3ms)
			BackupInstance (0ms)
			ReleaseScriptingObjects (0ms)
			CreateAndSetChildDomain (30ms)
		EndReloadAssembly (885ms)
			LoadAssemblies (71ms)
			RebuildTransferFunctionScriptingTraits (0ms)
			SetupTypeCache (242ms)
			ReleaseScriptCaches (1ms)
			RebuildScriptCaches (34ms)
			SetupLoadedEditorAssemblies (401ms)
				LogAssemblyErrors (0ms)
				InitializePlatformSupportModulesInManaged (5ms)
				SetLoadedEditorAssemblies (0ms)
				RefreshPlugins (1ms)
				BeforeProcessingInitializeOnLoad (59ms)
				ProcessInitializeOnLoadAttributes (318ms)
				ProcessInitializeOnLoadMethodAttributes (13ms)
				AfterProcessingInitializeOnLoad (5ms)
				EditorAssembliesLoaded (0ms)
			ExecutionOrderSort2 (0ms)
			AwakeInstancesAfterBackupRestoration (6ms)
Platform modules already initialized, skipping
Refreshing native plugins compatible for Editor in 1.10 ms, found 17 plugins.
Preloading 2 native plugins for Editor in 0.15 ms.
Unloading 2231 Unused Serialized files (Serialized files now loaded: 0)
System memory in use before: 134.6 MB.
System memory in use after: 134.2 MB.

Unloading 34 unused Assets to reduce memory usage. Loaded Objects now: 2889.
Total: 3.162500 ms (FindLiveObjects: 0.285100 ms CreateObjectMapping: 0.059400 ms MarkObjects: 2.470200 ms  DeleteObjects: 0.345700 ms)

AssetImportParameters requested are different than current active one (requested -> active):
  custom:framework-win-MediaFoundation: 216162199b28c13a410421893ffa2e32 -> 
  custom:video-decoder-ogg-theora: a1e56fd34408186e4bbccfd4996cb3dc -> 
  custom:container-muxer-webm: aa71ff27fc2769a1b78a27578f13a17b -> 
  custom:container-demuxer-webm: 4f35f7cbe854078d1ac9338744f61a02 -> 
  custom:container-demuxer-ogg: 62fdf1f143b41e24485cea50d1cbac27 -> 
  custom:video-encoder-webm-vp8: eb34c28f22e8b96e1ab97ce403110664 -> 
  custom:video-codec-MediaFoundation-h265: 746d11721c4dcdbdad8f713fa42b33f4 -> 
  custom:video-decoder-webm-vp8: 9c59270c3fd7afecdb556c50c9e8de78 -> 
  custom:audio-decoder-ogg-vorbis: bf7c407c2cedff20999df2af8eb42d56 -> 
  custom:audio-encoder-webm-vorbis: bf7c407c2cedff20999df2af8eb42d56 -> 
========================================================================
Received Import Request.
  Time since last request: 1189.337218 seconds.
  path: Assets/AssetsSelectedCustomized/trees/LongLeafB_Textures/shadow.png
  artifactKey: Guid(d8b30e310b29eec46b65e915fef010a9) Importer(815301076,1909f56bfc062723c751e8b465ee728b)
Start importing Assets/AssetsSelectedCustomized/trees/LongLeafB_Textures/shadow.png using Guid(d8b30e310b29eec46b65e915fef010a9) Importer(815301076,1909f56bfc062723c751e8b465ee728b)  -> (artifact id: 'da45f574661637445cb3a777fe4a323a') in 0.062138 seconds 
  Import took 0.067806 seconds .

========================================================================
Received Import Request.
  Time since last request: 0.006150 seconds.
  path: Assets/AssetsSelectedCustomized/trees/LongLeafB_Textures/shadow.png
  artifactKey: Guid(d8b30e310b29eec46b65e915fef010a9) Importer(815301076,1909f56bfc062723c751e8b465ee728b)
Start importing Assets/AssetsSelectedCustomized/trees/LongLeafB_Textures/shadow.png using Guid(d8b30e310b29eec46b65e915fef010a9) Importer(815301076,1909f56bfc062723c751e8b465ee728b)  -> (artifact id: 'da45f574661637445cb3a777fe4a323a') in 0.008373 seconds 
  Import took 0.012369 seconds .

========================================================================
Received Import Request.
  Time since last request: 1252.728187 seconds.
  path: Assets/GalaxyBox2/Resources/Skybox2_6/skyboxX+.png
  artifactKey: Guid(44385aa77603f9e47a06f645afe00df4) Importer(815301076,1909f56bfc062723c751e8b465ee728b)
Start importing Assets/GalaxyBox2/Resources/Skybox2_6/skyboxX+.png using Guid(44385aa77603f9e47a06f645afe00df4) Importer(815301076,1909f56bfc062723c751e8b465ee728b)  -> (artifact id: '1d233cd4531826027a691d65cb2083f1') in 0.024263 seconds 
  Import took 0.029016 seconds .

========================================================================
Received Import Request.
  Time since last request: 0.000283 seconds.
  path: Assets/GalaxyBox2/Resources/Skybox2_6/skyboxZ-.png
  artifactKey: Guid(b0ada3bfc11191647ab9da3aaf4e976f) Importer(815301076,1909f56bfc062723c751e8b465ee728b)
Start importing Assets/GalaxyBox2/Resources/Skybox2_6/skyboxZ-.png using Guid(b0ada3bfc11191647ab9da3aaf4e976f) Importer(815301076,1909f56bfc062723c751e8b465ee728b)  -> (artifact id: 'a6a5a6625b85856c73a1c331d9605df2') in 0.012698 seconds 
  Import took 0.017539 seconds .

========================================================================
Received Import Request.
  Time since last request: 0.000288 seconds.
  path: Assets/GalaxyBox2/Resources/Skybox2_6/skyboxX-.png
  artifactKey: Guid(c82fe1ab58fe8c145a0b3bbd6c249104) Importer(815301076,1909f56bfc062723c751e8b465ee728b)
Start importing Assets/GalaxyBox2/Resources/Skybox2_6/skyboxX-.png using Guid(c82fe1ab58fe8c145a0b3bbd6c249104) Importer(815301076,1909f56bfc062723c751e8b465ee728b)  -> (artifact id: '17f9ad86e78eff5cf7dc039fecfed09b') in 0.014612 seconds 
  Import took 0.018881 seconds .

========================================================================
Received Import Request.
  Time since last request: 0.000264 seconds.
  path: Assets/GalaxyBox2/Resources/Skybox2_6/skyboxY-.png
  artifactKey: Guid(c2c13a28ebea2504f95af7cccc080152) Importer(815301076,1909f56bfc062723c751e8b465ee728b)
Start importing Assets/GalaxyBox2/Resources/Skybox2_6/skyboxY-.png using Guid(c2c13a28ebea2504f95af7cccc080152) Importer(815301076,1909f56bfc062723c751e8b465ee728b)  -> (artifact id: '9a896f943a327e425a9b526583c45127') in 0.012764 seconds 
  Import took 0.016710 seconds .

========================================================================
Received Import Request.
  Time since last request: 0.000269 seconds.
  path: Assets/GalaxyBox2/Resources/Skybox2_6/skyboxY+.png
  artifactKey: Guid(00334e1faa50f1b4bba5f93d09fc08f5) Importer(815301076,1909f56bfc062723c751e8b465ee728b)
Start importing Assets/GalaxyBox2/Resources/Skybox2_6/skyboxY+.png using Guid(00334e1faa50f1b4bba5f93d09fc08f5) Importer(815301076,1909f56bfc062723c751e8b465ee728b)  -> (artifact id: '0c5e094b85e57003f496a3c5025aef70') in 0.012538 seconds 
  Import took 0.017004 seconds .

========================================================================
Received Import Request.
  Time since last request: 0.000177 seconds.
  path: Assets/GalaxyBox2/Resources/Skybox2_6/skyboxZ+.png
  artifactKey: Guid(69799037b29cc834a80bcef9b3b57934) Importer(815301076,1909f56bfc062723c751e8b465ee728b)
Start importing Assets/GalaxyBox2/Resources/Skybox2_6/skyboxZ+.png using Guid(69799037b29cc834a80bcef9b3b57934) Importer(815301076,1909f56bfc062723c751e8b465ee728b)  -> (artifact id: '4d22854bd2941b36f8331597b729592c') in 0.013457 seconds 
  Import took 0.016980 seconds .

========================================================================
Received Import Request.
  Time since last request: 0.003751 seconds.
  path: Assets/GalaxyBox2/Resources/Skybox2_6/skyboxZ+.png
  artifactKey: Guid(69799037b29cc834a80bcef9b3b57934) Importer(815301076,1909f56bfc062723c751e8b465ee728b)
Start importing Assets/GalaxyBox2/Resources/Skybox2_6/skyboxZ+.png using Guid(69799037b29cc834a80bcef9b3b57934) Importer(815301076,1909f56bfc062723c751e8b465ee728b)  -> (artifact id: '4d22854bd2941b36f8331597b729592c') in 0.012896 seconds 
  Import took 0.018724 seconds .

========================================================================
Received Import Request.
  Time since last request: 52.488828 seconds.
  path: Assets/GalaxyBox2/Resources/Skybox2_11/SkyboxX+.png
  artifactKey: Guid(48a62b2cd5170451ab8bf5d0b98284cf) Importer(815301076,1909f56bfc062723c751e8b465ee728b)
Start importing Assets/GalaxyBox2/Resources/Skybox2_11/SkyboxX+.png using Guid(48a62b2cd5170451ab8bf5d0b98284cf) Importer(815301076,1909f56bfc062723c751e8b465ee728b)  -> (artifact id: '8bdb247a04f4e152aa32d793adfb805b') in 0.012890 seconds 
  Import took 0.018135 seconds .

========================================================================
Received Import Request.
  Time since last request: 0.000217 seconds.
  path: Assets/GalaxyBox2/Resources/Skybox2_11/SkyboxZ-.png
  artifactKey: Guid(664a599362e1d4f2090cbaf3a313d233) Importer(815301076,1909f56bfc062723c751e8b465ee728b)
Start importing Assets/GalaxyBox2/Resources/Skybox2_11/SkyboxZ-.png using Guid(664a599362e1d4f2090cbaf3a313d233) Importer(815301076,1909f56bfc062723c751e8b465ee728b)  -> (artifact id: 'c6ab801f4261c0affe47fad632e8375a') in 0.016362 seconds 
  Import took 0.020436 seconds .

========================================================================
Received Import Request.
  Time since last request: 0.000227 seconds.
  path: Assets/GalaxyBox2/Resources/Skybox2_11/SkyboxX+.png
  artifactKey: Guid(48a62b2cd5170451ab8bf5d0b98284cf) Importer(815301076,1909f56bfc062723c751e8b465ee728b)
Start importing Assets/GalaxyBox2/Resources/Skybox2_11/SkyboxX+.png using Guid(48a62b2cd5170451ab8bf5d0b98284cf) Importer(815301076,1909f56bfc062723c751e8b465ee728b)  -> (artifact id: '8bdb247a04f4e152aa32d793adfb805b') in 0.013273 seconds 
  Import took 0.017579 seconds .

========================================================================
Received Import Request.
  Time since last request: 0.000196 seconds.
  path: Assets/GalaxyBox2/Resources/Skybox2_11/SkyboxX-.png
  artifactKey: Guid(7dfb5ea8ef76243e5802b94c56f471e7) Importer(815301076,1909f56bfc062723c751e8b465ee728b)
Start importing Assets/GalaxyBox2/Resources/Skybox2_11/SkyboxX-.png using Guid(7dfb5ea8ef76243e5802b94c56f471e7) Importer(815301076,1909f56bfc062723c751e8b465ee728b)  -> (artifact id: 'c48f86501d391081673bb3f728c64de8') in 0.012547 seconds 
  Import took 0.016351 seconds .

========================================================================
Received Import Request.
  Time since last request: 0.000177 seconds.
  path: Assets/GalaxyBox2/Resources/Skybox2_11/SkyboxY-.png
  artifactKey: Guid(1db7dd3542277474bafaf0d26baeef8b) Importer(815301076,1909f56bfc062723c751e8b465ee728b)
Start importing Assets/GalaxyBox2/Resources/Skybox2_11/SkyboxY-.png using Guid(1db7dd3542277474bafaf0d26baeef8b) Importer(815301076,1909f56bfc062723c751e8b465ee728b)  -> (artifact id: '04944b940c28c1cac043a86f8bc525e7') in 0.013977 seconds 
  Import took 0.018080 seconds .

========================================================================
Received Import Request.
  Time since last request: 0.000248 seconds.
  path: Assets/GalaxyBox2/Resources/Skybox2_11/SkyboxZ+.png
  artifactKey: Guid(8e517a9a8ef4b47b991ce73c4394f1ed) Importer(815301076,1909f56bfc062723c751e8b465ee728b)
Start importing Assets/GalaxyBox2/Resources/Skybox2_11/SkyboxZ+.png using Guid(8e517a9a8ef4b47b991ce73c4394f1ed) Importer(815301076,1909f56bfc062723c751e8b465ee728b)  -> (artifact id: 'b914d072f258fc1ba81e1920fac01c6c') in 0.013284 seconds 
  Import took 0.016972 seconds .

========================================================================
Received Import Request.
  Time since last request: 0.000316 seconds.
  path: Assets/GalaxyBox2/Resources/Skybox2_11/SkyboxY+.png
  artifactKey: Guid(b1e7407ec93b04088b175215b1a5cad8) Importer(815301076,1909f56bfc062723c751e8b465ee728b)
Start importing Assets/GalaxyBox2/Resources/Skybox2_11/SkyboxY+.png using Guid(b1e7407ec93b04088b175215b1a5cad8) Importer(815301076,1909f56bfc062723c751e8b465ee728b)  -> (artifact id: '638b72df7b04cd34fdd0be52e80a58cd') in 0.013339 seconds 
  Import took 0.017209 seconds .

========================================================================
Received Import Request.
  Time since last request: 3.665715 seconds.
  path: Assets/Foliage Free/materials/pinetree.mat
  artifactKey: Guid(e9ad3e92c3d5b8848baa0f62c47f7300) Importer(815301076,1909f56bfc062723c751e8b465ee728b)
Start importing Assets/Foliage Free/materials/pinetree.mat using Guid(e9ad3e92c3d5b8848baa0f62c47f7300) Importer(815301076,1909f56bfc062723c751e8b465ee728b)  -> (artifact id: '3fcfc55c502dfe85698a4b83cea33c8d') in 0.045269 seconds 
  Import took 0.059255 seconds .

========================================================================
Received Import Request.
  Time since last request: 59.925770 seconds.
  path: Assets/AssetsSelectedCustomized/trees/LongLeafA.prefab
  artifactKey: Guid(1e6b9959cd96c6e4d938dd7814674b68) Importer(815301076,1909f56bfc062723c751e8b465ee728b)
Start importing Assets/AssetsSelectedCustomized/trees/LongLeafA.prefab using Guid(1e6b9959cd96c6e4d938dd7814674b68) Importer(815301076,1909f56bfc062723c751e8b465ee728b)  -> (artifact id: 'c24ccb3170be1c5bc6774d9e3a3db582') in 0.095123 seconds 
  Import took 0.100328 seconds .

========================================================================
Received Import Request.
  Time since last request: 0.000193 seconds.
  path: Assets/AssetsSelectedCustomized/trees/LongLeafB.prefab
  artifactKey: Guid(e22e6427d673f8b47884f2c5662195aa) Importer(815301076,1909f56bfc062723c751e8b465ee728b)
Start importing Assets/AssetsSelectedCustomized/trees/LongLeafB.prefab using Guid(e22e6427d673f8b47884f2c5662195aa) Importer(815301076,1909f56bfc062723c751e8b465ee728b)  -> (artifact id: 'd72cde37030df4a19fd6733fcb537e06') in 0.051454 seconds 
  Import took 0.055901 seconds .

========================================================================
Received Import Request.
  Time since last request: 0.000174 seconds.
  path: Assets/Nature Realistic Props Pack/Source/Tree1/Tree.prefab
  artifactKey: Guid(cc497d659794f554295dbc2287b010eb) Importer(815301076,1909f56bfc062723c751e8b465ee728b)
Start importing Assets/Nature Realistic Props Pack/Source/Tree1/Tree.prefab using Guid(cc497d659794f554295dbc2287b010eb) Importer(815301076,1909f56bfc062723c751e8b465ee728b)  -> (artifact id: '1dc2d5f7d7494daee536d8cc9170d3ba') in 0.044874 seconds 
  Import took 0.049441 seconds .

========================================================================
Received Import Request.
  Time since last request: 1.392545 seconds.
  path: Assets/SkythianCat/Hand_Painted_Nature_Kit_LITE/Materials/Larch_branch.mat
  artifactKey: Guid(019361ef072c0d0499ac07e2f3a69f4a) Importer(815301076,1909f56bfc062723c751e8b465ee728b)
Start importing Assets/SkythianCat/Hand_Painted_Nature_Kit_LITE/Materials/Larch_branch.mat using Guid(019361ef072c0d0499ac07e2f3a69f4a) Importer(815301076,1909f56bfc062723c751e8b465ee728b)  -> (artifact id: '4d504564b69cdbc544cb4def364464f3') in 0.013075 seconds 
  Import took 0.017783 seconds .

========================================================================
Received Import Request.
  Time since last request: 0.004890 seconds.
  path: Assets/SkythianCat/Hand_Painted_Nature_Kit_LITE/Materials/Larch_branch.mat
  artifactKey: Guid(019361ef072c0d0499ac07e2f3a69f4a) Importer(815301076,1909f56bfc062723c751e8b465ee728b)
Start importing Assets/SkythianCat/Hand_Painted_Nature_Kit_LITE/Materials/Larch_branch.mat using Guid(019361ef072c0d0499ac07e2f3a69f4a) Importer(815301076,1909f56bfc062723c751e8b465ee728b)  -> (artifact id: '4d504564b69cdbc544cb4def364464f3') in 0.012168 seconds 
  Import took 0.016987 seconds .

========================================================================
Received Prepare
Registering precompiled user dll's ...
Registered in 0.009721 seconds.
Begin MonoManager ReloadAssembly
Native extension for LinuxStandalone target not found
Native extension for WindowsStandalone target not found
Native extension for WebGL target not found
Refreshing native plugins compatible for Editor in 2.92 ms, found 17 plugins.
Preloading 2 native plugins for Editor in 0.28 ms.
System.Reflection.TargetInvocationException: Exception has been thrown by the target of an invocation. ---> System.NullReferenceException: Object reference not set to an instance of an object
  at Unity.XR.Oculus.OculusLoader.AssetPathToAbsolutePath (System.String assetPath) [0x00048] in C:\Users\Maggie\Desktop\cs-420\BigPlantMoment\Library\PackageCache\com.unity.xr.oculus@1.9.1\Runtime\OculusLoader.cs:249 
  at Unity.XR.Oculus.OculusLoader.EditorLoadOVRPlugin () [0x0007b] in C:\Users\Maggie\Desktop\cs-420\BigPlantMoment\Library\PackageCache\com.unity.xr.oculus@1.9.1\Runtime\OculusLoader.cs:234 
  at (wrapper managed-to-native) System.Reflection.MonoMethod.InternalInvoke(System.Reflection.MonoMethod,object,object[],System.Exception&)
  at System.Reflection.MonoMethod.Invoke (System.Object obj, System.Reflection.BindingFlags invokeAttr, System.Reflection.Binder binder, System.Object[] parameters, System.Globalization.CultureInfo culture) [0x00032] in <695d1cc93cca45069c528c15c9fdd749>:0 
   --- End of inner exception stack trace ---
  at System.Reflection.MonoMethod.Invoke (System.Object obj, System.Reflection.BindingFlags invokeAttr, System.Reflection.Binder binder, System.Object[] parameters, System.Globalization.CultureInfo culture) [0x00048] in <695d1cc93cca45069c528c15c9fdd749>:0 
  at System.Reflection.MethodBase.Invoke (System.Object obj, System.Object[] parameters) [0x00000] in <695d1cc93cca45069c528c15c9fdd749>:0 
  at UnityEditor.EditorAssemblies.ProcessInitializeOnLoadMethodAttributes () [0x00047] in <44c3723143904fb88deebc993c7bb491>:0 
UnityEngine.StackTraceUtility:ExtractStackTrace ()
UnityEngine.DebugLogHandler:LogFormat (UnityEngine.LogType,UnityEngine.Object,string,object[])
UnityEngine.Logger:Log (UnityEngine.LogType,object)
UnityEngine.Debug:LogError (object)
UnityEditor.EditorAssemblies:ProcessInitializeOnLoadMethodAttributes ()

Mono: successfully reloaded assembly
- Completed reload, in  1.487 seconds
Domain Reload Profiling:
	ReloadAssembly (1488ms)
		BeginReloadAssembly (121ms)
			ExecutionOrderSort (0ms)
			DisableScriptedObjects (3ms)
			BackupInstance (0ms)
			ReleaseScriptingObjects (0ms)
			CreateAndSetChildDomain (39ms)
		EndReloadAssembly (1305ms)
			LoadAssemblies (89ms)
			RebuildTransferFunctionScriptingTraits (0ms)
			SetupTypeCache (297ms)
			ReleaseScriptCaches (1ms)
			RebuildScriptCaches (46ms)
			SetupLoadedEditorAssemblies (658ms)
				LogAssemblyErrors (0ms)
				InitializePlatformSupportModulesInManaged (14ms)
				SetLoadedEditorAssemblies (1ms)
				RefreshPlugins (3ms)
				BeforeProcessingInitializeOnLoad (110ms)
				ProcessInitializeOnLoadAttributes (513ms)
				ProcessInitializeOnLoadMethodAttributes (11ms)
				AfterProcessingInitializeOnLoad (5ms)
				EditorAssembliesLoaded (0ms)
			ExecutionOrderSort2 (0ms)
			AwakeInstancesAfterBackupRestoration (6ms)
Platform modules already initialized, skipping
Refreshing native plugins compatible for Editor in 1.08 ms, found 17 plugins.
Preloading 2 native plugins for Editor in 0.15 ms.
Unloading 2231 Unused Serialized files (Serialized files now loaded: 0)
System memory in use before: 135.0 MB.
System memory in use after: 134.6 MB.

Unloading 34 unused Assets to reduce memory usage. Loaded Objects now: 2898.
Total: 3.897300 ms (FindLiveObjects: 0.373200 ms CreateObjectMapping: 0.113400 ms MarkObjects: 3.099900 ms  DeleteObjects: 0.308900 ms)

AssetImportParameters requested are different than current active one (requested -> active):
  custom:framework-win-MediaFoundation: 216162199b28c13a410421893ffa2e32 -> 
  custom:video-decoder-ogg-theora: a1e56fd34408186e4bbccfd4996cb3dc -> 
  custom:container-muxer-webm: aa71ff27fc2769a1b78a27578f13a17b -> 
  custom:container-demuxer-webm: 4f35f7cbe854078d1ac9338744f61a02 -> 
  custom:container-demuxer-ogg: 62fdf1f143b41e24485cea50d1cbac27 -> 
  custom:video-encoder-webm-vp8: eb34c28f22e8b96e1ab97ce403110664 -> 
  custom:video-codec-MediaFoundation-h265: 746d11721c4dcdbdad8f713fa42b33f4 -> 
  custom:video-decoder-webm-vp8: 9c59270c3fd7afecdb556c50c9e8de78 -> 
  custom:audio-decoder-ogg-vorbis: bf7c407c2cedff20999df2af8eb42d56 -> 
  custom:audio-encoder-webm-vorbis: bf7c407c2cedff20999df2af8eb42d56 -> 
========================================================================
Received Prepare
Registering precompiled user dll's ...
Registered in 0.009139 seconds.
Begin MonoManager ReloadAssembly
Native extension for LinuxStandalone target not found
Native extension for WindowsStandalone target not found
Native extension for WebGL target not found
Refreshing native plugins compatible for Editor in 1.52 ms, found 17 plugins.
Preloading 2 native plugins for Editor in 0.16 ms.
System.Reflection.TargetInvocationException: Exception has been thrown by the target of an invocation. ---> System.NullReferenceException: Object reference not set to an instance of an object
  at Unity.XR.Oculus.OculusLoader.AssetPathToAbsolutePath (System.String assetPath) [0x00048] in C:\Users\Maggie\Desktop\cs-420\BigPlantMoment\Library\PackageCache\com.unity.xr.oculus@1.9.1\Runtime\OculusLoader.cs:249 
  at Unity.XR.Oculus.OculusLoader.EditorLoadOVRPlugin () [0x0007b] in C:\Users\Maggie\Desktop\cs-420\BigPlantMoment\Library\PackageCache\com.unity.xr.oculus@1.9.1\Runtime\OculusLoader.cs:234 
  at (wrapper managed-to-native) System.Reflection.MonoMethod.InternalInvoke(System.Reflection.MonoMethod,object,object[],System.Exception&)
  at System.Reflection.MonoMethod.Invoke (System.Object obj, System.Reflection.BindingFlags invokeAttr, System.Reflection.Binder binder, System.Object[] parameters, System.Globalization.CultureInfo culture) [0x00032] in <695d1cc93cca45069c528c15c9fdd749>:0 
   --- End of inner exception stack trace ---
  at System.Reflection.MonoMethod.Invoke (System.Object obj, System.Reflection.BindingFlags invokeAttr, System.Reflection.Binder binder, System.Object[] parameters, System.Globalization.CultureInfo culture) [0x00048] in <695d1cc93cca45069c528c15c9fdd749>:0 
  at System.Reflection.MethodBase.Invoke (System.Object obj, System.Object[] parameters) [0x00000] in <695d1cc93cca45069c528c15c9fdd749>:0 
  at UnityEditor.EditorAssemblies.ProcessInitializeOnLoadMethodAttributes () [0x00047] in <44c3723143904fb88deebc993c7bb491>:0 
UnityEngine.StackTraceUtility:ExtractStackTrace ()
UnityEngine.DebugLogHandler:LogFormat (UnityEngine.LogType,UnityEngine.Object,string,object[])
UnityEngine.Logger:Log (UnityEngine.LogType,object)
UnityEngine.Debug:LogError (object)
UnityEditor.EditorAssemblies:ProcessInitializeOnLoadMethodAttributes ()

Mono: successfully reloaded assembly
- Completed reload, in  1.048 seconds
Domain Reload Profiling:
	ReloadAssembly (1049ms)
		BeginReloadAssembly (102ms)
			ExecutionOrderSort (0ms)
			DisableScriptedObjects (3ms)
			BackupInstance (0ms)
			ReleaseScriptingObjects (0ms)
			CreateAndSetChildDomain (31ms)
		EndReloadAssembly (891ms)
			LoadAssemblies (71ms)
			RebuildTransferFunctionScriptingTraits (0ms)
			SetupTypeCache (242ms)
			ReleaseScriptCaches (1ms)
			RebuildScriptCaches (33ms)
			SetupLoadedEditorAssemblies (404ms)
				LogAssemblyErrors (0ms)
				InitializePlatformSupportModulesInManaged (7ms)
				SetLoadedEditorAssemblies (1ms)
				RefreshPlugins (2ms)
				BeforeProcessingInitializeOnLoad (63ms)
				ProcessInitializeOnLoadAttributes (316ms)
				ProcessInitializeOnLoadMethodAttributes (11ms)
				AfterProcessingInitializeOnLoad (5ms)
				EditorAssembliesLoaded (0ms)
			ExecutionOrderSort2 (0ms)
			AwakeInstancesAfterBackupRestoration (6ms)
Platform modules already initialized, skipping
Refreshing native plugins compatible for Editor in 1.15 ms, found 17 plugins.
Preloading 2 native plugins for Editor in 0.17 ms.
Unloading 2231 Unused Serialized files (Serialized files now loaded: 0)
System memory in use before: 134.9 MB.
System memory in use after: 134.5 MB.

Unloading 34 unused Assets to reduce memory usage. Loaded Objects now: 2902.
Total: 3.897600 ms (FindLiveObjects: 0.380700 ms CreateObjectMapping: 0.112900 ms MarkObjects: 3.072000 ms  DeleteObjects: 0.329500 ms)

AssetImportParameters requested are different than current active one (requested -> active):
  custom:framework-win-MediaFoundation: 216162199b28c13a410421893ffa2e32 -> 
  custom:video-decoder-ogg-theora: a1e56fd34408186e4bbccfd4996cb3dc -> 
  custom:container-muxer-webm: aa71ff27fc2769a1b78a27578f13a17b -> 
  custom:container-demuxer-webm: 4f35f7cbe854078d1ac9338744f61a02 -> 
  custom:container-demuxer-ogg: 62fdf1f143b41e24485cea50d1cbac27 -> 
  custom:video-encoder-webm-vp8: eb34c28f22e8b96e1ab97ce403110664 -> 
  custom:video-codec-MediaFoundation-h265: 746d11721c4dcdbdad8f713fa42b33f4 -> 
  custom:video-decoder-webm-vp8: 9c59270c3fd7afecdb556c50c9e8de78 -> 
  custom:audio-decoder-ogg-vorbis: bf7c407c2cedff20999df2af8eb42d56 -> 
  custom:audio-encoder-webm-vorbis: bf7c407c2cedff20999df2af8eb42d56 -> 
AssetImportWorkerClient::OnTransportError - code=2 error=End of file
